#
# There is insufficient memory for the Java Runtime Environment to continue.
# Native memory allocation (mmap) failed to map 94371840 bytes for G1 virtual space
# Possible reasons:
#   The system is out of physical RAM or swap space
#   The process is running with CompressedOops enabled, and the Java Heap may be blocking the growth of the native heap
# Possible solutions:
#   Reduce memory load on the system
#   Increase physical memory or swap space
#   Check if swap backing store is full
#   Decrease Java heap size (-Xmx/-Xms)
#   Decrease number of Java threads
#   Decrease Java thread stack sizes (-Xss)
#   Set larger code cache with -XX:ReservedCodeCacheSize=
#   JVM is running with Zero Based Compressed Oops mode in which the Java heap is
#     placed in the first 32GB address space. The Java Heap base address is the
#     maximum limit for the native heap growth. Please use -XX:HeapBaseMinAddress
#     to set the Java Heap base and to place the Java Heap above 32GB virtual address.
# This output file may be truncated or incomplete.
#
#  Out of Memory Error (os_windows.cpp:3530), pid=18316, tid=13808
#
# JRE version: OpenJDK Runtime Environment (18.0.1.1+2) (build 18.0.1.1+2-6)
# Java VM: OpenJDK 64-Bit Server VM (18.0.1.1+2-6, mixed mode, emulated-client, sharing, tiered, compressed oops, compressed class ptrs, g1 gc, windows-amd64)
# No core dump will be written. Minidumps are not enabled by default on client versions of Windows
#

---------------  S U M M A R Y ------------

Command Line: -XX:TieredStopAtLevel=1 -Xverify:none -Dspring.output.ansi.enabled=always -javaagent:E:\Intellji\IntelliJ IDEA 2021.1\lib\idea_rt.jar=51279:E:\Intellji\IntelliJ IDEA 2021.1\bin -Dcom.sun.management.jmxremote -Dspring.jmx.enabled=true -Dspring.liveBeansView.mbeanDomain -Dspring.application.admin.enabled=true -Dfile.encoding=UTF-8 com.example.ecommerce_web.EcommerceWebApplication

Host: Intel(R) Core(TM) i5-8250U CPU @ 1.60GHz, 8 cores, 11G,  Windows 10 , 64 bit Build 19041 (10.0.19041.1889)
Time: Wed Sep 28 02:59:50 2022 SE Asia Standard Time elapsed time: 5.941187 seconds (0d 0h 0m 5s)

---------------  T H R E A D  ---------------

Current thread (0x0000021e4bbbd090):  VMThread "VM Thread" [stack: 0x0000007604e00000,0x0000007604f00000] [id=13808]

Stack: [0x0000007604e00000,0x0000007604f00000]
Native frames: (J=compiled Java code, j=interpreted, Vv=VM code, C=native code)
V  [jvm.dll+0x69887a]
V  [jvm.dll+0x7f38bd]
V  [jvm.dll+0x7f51ce]
V  [jvm.dll+0x7f5883]
V  [jvm.dll+0x25ca3f]
V  [jvm.dll+0x6957c9]
V  [jvm.dll+0x68a2fa]
V  [jvm.dll+0x321efb]
V  [jvm.dll+0x3298d6]
V  [jvm.dll+0x37e47e]
V  [jvm.dll+0x37e6af]
V  [jvm.dll+0x2f9c7a]
V  [jvm.dll+0x2f9d27]
V  [jvm.dll+0x33e262]
V  [jvm.dll+0x33c804]
V  [jvm.dll+0x2f9450]
V  [jvm.dll+0x33bddb]
V  [jvm.dll+0x7fa66b]
V  [jvm.dll+0x7fb404]
V  [jvm.dll+0x7fb93c]
V  [jvm.dll+0x7fbd94]
V  [jvm.dll+0x7fbe57]
V  [jvm.dll+0x7a03ea]
V  [jvm.dll+0x697725]
C  [ucrtbase.dll+0x21bb2]
C  [KERNEL32.DLL+0x17034]
C  [ntdll.dll+0x526a1]

VM_Operation (0x00000076048f9100): G1CollectForAllocation, mode: safepoint, requested by thread 0x0000021e4bb4abc0


---------------  P R O C E S S  ---------------

Threads class SMR info:
_java_thread_list=0x0000021e65e861c0, length=18, elements={
0x0000021e4bb4abc0, 0x0000021e600e9a80, 0x0000021e600ea6e0, 0x0000021e60100660,
0x0000021e601012c0, 0x0000021e60102c70, 0x0000021e60105620, 0x0000021e60108110,
0x0000021e60112800, 0x0000021e600d18b0, 0x0000021e600d1d70, 0x0000021e6019d450,
0x0000021e6019d950, 0x0000021e648b74f0, 0x0000021e648b79b0, 0x0000021e64a586e0,
0x0000021e64f4fba0, 0x0000021e6586f6a0
}

Java Threads: ( => current thread )
  0x0000021e4bb4abc0 JavaThread "main" [_thread_blocked, id=18256, stack(0x0000007604800000,0x0000007604900000)]
  0x0000021e600e9a80 JavaThread "Reference Handler" daemon [_thread_blocked, id=11584, stack(0x0000007604f00000,0x0000007605000000)]
  0x0000021e600ea6e0 JavaThread "Finalizer" daemon [_thread_blocked, id=18288, stack(0x0000007605000000,0x0000007605100000)]
  0x0000021e60100660 JavaThread "Signal Dispatcher" daemon [_thread_blocked, id=9836, stack(0x0000007605100000,0x0000007605200000)]
  0x0000021e601012c0 JavaThread "Attach Listener" daemon [_thread_blocked, id=15820, stack(0x0000007605200000,0x0000007605300000)]
  0x0000021e60102c70 JavaThread "Service Thread" daemon [_thread_blocked, id=18720, stack(0x0000007605300000,0x0000007605400000)]
  0x0000021e60105620 JavaThread "Monitor Deflation Thread" daemon [_thread_blocked, id=20216, stack(0x0000007605400000,0x0000007605500000)]
  0x0000021e60108110 JavaThread "C1 CompilerThread0" daemon [_thread_blocked, id=11564, stack(0x0000007605500000,0x0000007605600000)]
  0x0000021e60112800 JavaThread "Sweeper thread" daemon [_thread_blocked, id=20036, stack(0x0000007605600000,0x0000007605700000)]
  0x0000021e600d18b0 JavaThread "Common-Cleaner" daemon [_thread_blocked, id=20384, stack(0x0000007605700000,0x0000007605800000)]
  0x0000021e600d1d70 JavaThread "C1 CompilerThread1" daemon [_thread_blocked, id=19216, stack(0x0000007605800000,0x0000007605900000)]
  0x0000021e6019d450 JavaThread "C1 CompilerThread2" daemon [_thread_blocked, id=21656, stack(0x0000007605900000,0x0000007605a00000)]
  0x0000021e6019d950 JavaThread "C1 CompilerThread3" daemon [_thread_blocked, id=22980, stack(0x0000007605a00000,0x0000007605b00000)]
  0x0000021e648b74f0 JavaThread "Monitor Ctrl-Break" daemon [_thread_in_native, id=13248, stack(0x0000007605b00000,0x0000007605c00000)]
  0x0000021e648b79b0 JavaThread "Notification Thread" daemon [_thread_blocked, id=15308, stack(0x0000007605c00000,0x0000007605d00000)]
  0x0000021e64a586e0 JavaThread "RMI TCP Accept-0" daemon [_thread_in_native, id=20172, stack(0x0000007605d00000,0x0000007605e00000)]
  0x0000021e64f4fba0 JavaThread "RMI TCP Connection(1)-192.168.1.200" daemon [_thread_in_native, id=19016, stack(0x0000007606800000,0x0000007606900000)]
  0x0000021e6586f6a0 JavaThread "RMI Scheduler(0)" daemon [_thread_blocked, id=19616, stack(0x0000007606900000,0x0000007606a00000)]

Other Threads:
=>0x0000021e4bbbd090 VMThread "VM Thread" [stack: 0x0000007604e00000,0x0000007604f00000] [id=13808]
  0x0000021e64a3bd90 WatcherThread "VM Periodic Task Thread" [stack: 0x0000007605e00000,0x0000007605f00000] [id=17904]
  0x0000021e4bba7fa0 WorkerThread "GC Thread#0" [stack: 0x0000007604900000,0x0000007604a00000] [id=1196]
  0x0000021e64df4c60 WorkerThread "GC Thread#1" [stack: 0x0000007605f00000,0x0000007606000000] [id=8756]
  0x0000021e64e28bf0 WorkerThread "GC Thread#2" [stack: 0x0000007606000000,0x0000007606100000] [id=2020]
  0x0000021e64e24a50 WorkerThread "GC Thread#3" [stack: 0x0000007606100000,0x0000007606200000] [id=17284]
  0x0000021e64e4cfc0 WorkerThread "GC Thread#4" [stack: 0x0000007606200000,0x0000007606300000] [id=20716]
  0x0000021e64e4d260 WorkerThread "GC Thread#5" [stack: 0x0000007606300000,0x0000007606400000] [id=19196]
  0x0000021e64e4f510 WorkerThread "GC Thread#6" [stack: 0x0000007606400000,0x0000007606500000] [id=22216]
  0x0000021e64e4ffc0 WorkerThread "GC Thread#7" [stack: 0x0000007606500000,0x0000007606600000] [id=20920]
  0x0000021e4bbb4de0 ConcurrentGCThread "G1 Main Marker" [stack: 0x0000007604a00000,0x0000007604b00000] [id=15232]
  0x0000021e4bbb5f70 WorkerThread "G1 Conc#0" [stack: 0x0000007604b00000,0x0000007604c00000] [id=8720]
  0x0000021e659e2990 WorkerThread "G1 Conc#1" [stack: 0x0000007606a00000,0x0000007606b00000] [id=17148]
  0x0000021e4bbfd9b0 ConcurrentGCThread "G1 Refine#0" [stack: 0x0000007604c00000,0x0000007604d00000] [id=21512]
  0x0000021e64e506e0 ConcurrentGCThread "G1 Refine#1" [stack: 0x0000007606600000,0x0000007606700000] [id=660]
  0x0000021e64983b00 ConcurrentGCThread "G1 Refine#2" [stack: 0x0000007606700000,0x0000007606800000] [id=22340]
  0x0000021e4bbfe2c0 ConcurrentGCThread "G1 Service" [stack: 0x0000007604d00000,0x0000007604e00000] [id=9704]

Threads with active compile tasks:

VM state: at safepoint (normal execution)

VM Mutex/Monitor currently owned by a thread:  ([mutex/lock_event])
[0x0000021e4bb457c0] Threads_lock - owner thread: 0x0000021e4bbbd090
[0x0000021e4bb458e0] Heap_lock - owner thread: 0x0000021e4bb4abc0

Heap address: 0x0000000741c00000, size: 3044 MB, Compressed Oops mode: Zero based, Oop shift amount: 3

CDS archive(s) mapped at: [0x0000000800000000-0x0000000800b90000-0x0000000800b90000), size 12124160, SharedBaseAddress: 0x0000000800000000, ArchiveRelocationMode: 0.
Compressed class space mapped at: 0x0000000800c00000-0x0000000840c00000, reserved size: 1073741824
Narrow klass base: 0x0000000800000000, Narrow klass shift: 0, Narrow klass range: 0x100000000

GC Precious Log:
 CardTable entry size: 512
 Card Set container configuration: InlinePtr #cards 4 size 8 Array Of Cards #cards 16 size 48 Howl #buckets 8 coarsen threshold 3686 Howl Bitmap #cards 512 size 80 coarsen threshold 460 Card regions per heap region 1 cards per card region 4096
 CPUs: 8 total, 8 available
 Memory: 12170M
 Large Page Support: Disabled
 NUMA Support: Disabled
 Compressed Oops: Enabled (Zero based)
 Heap Region Size: 2M
 Heap Min Capacity: 8M
 Heap Initial Capacity: 192M
 Heap Max Capacity: 3044M
 Pre-touch: Disabled
 Parallel Workers: 8
 Concurrent Workers: 2
 Concurrent Refinement Workers: 8
 Periodic GC: Disabled

Heap:
 garbage-first heap   total 79872K, used 20911K [0x0000000741c00000, 0x0000000800000000)
  region size 2048K, 2 young (4096K), 2 survivors (4096K)
 Metaspace       used 34125K, committed 34624K, reserved 1114112K
  class space    used 4751K, committed 4992K, reserved 1048576K

Heap Regions: E=young(eden), S=young(survivor), O=old, HS=humongous(starts), HC=humongous(continues), CS=collection set, F=free, OA=open archive, CA=closed archive, TAMS=top-at-mark-start (previous, next)
|   0|0x0000000741c00000, 0x0000000741e00000, 0x0000000741e00000|100%| O|  |TAMS 0x0000000741e00000, 0x0000000741c00000| Untracked 
|   1|0x0000000741e00000, 0x0000000742000000, 0x0000000742000000|100%| O|  |TAMS 0x0000000742000000, 0x0000000741e00000| Untracked 
|   2|0x0000000742000000, 0x0000000742200000, 0x0000000742200000|100%| O|  |TAMS 0x0000000742200000, 0x0000000742000000| Untracked 
|   3|0x0000000742200000, 0x0000000742400000, 0x0000000742400000|100%| O|  |TAMS 0x0000000742400000, 0x0000000742200000| Untracked 
|   4|0x0000000742400000, 0x0000000742400000, 0x0000000742600000|  0%| F|  |TAMS 0x0000000742400000, 0x0000000742400000| Untracked 
|   5|0x0000000742600000, 0x0000000742800000, 0x0000000742800000|100%| O|  |TAMS 0x0000000742600000, 0x0000000742600000| Untracked 
|   6|0x0000000742800000, 0x0000000742a00000, 0x0000000742a00000|100%| O|  |TAMS 0x0000000742800000, 0x0000000742800000| Untracked 
|   7|0x0000000742a00000, 0x0000000742c00000, 0x0000000742c00000|100%| O|  |TAMS 0x0000000742a00000, 0x0000000742a00000| Untracked 
|   8|0x0000000742c00000, 0x0000000742e00000, 0x0000000742e00000|100%| O|  |TAMS 0x0000000742c00000, 0x0000000742c00000| Untracked 
|   9|0x0000000742e00000, 0x0000000742ff9000, 0x0000000743000000| 98%| O|  |TAMS 0x0000000742e00000, 0x0000000742e00000| Untracked 
|  10|0x0000000743000000, 0x0000000743000000, 0x0000000743200000|  0%| F|  |TAMS 0x0000000743000000, 0x0000000743000000| Untracked 
|  11|0x0000000743200000, 0x0000000743200000, 0x0000000743400000|  0%| F|  |TAMS 0x0000000743200000, 0x0000000743200000| Untracked 
|  12|0x0000000743400000, 0x0000000743400000, 0x0000000743600000|  0%| F|  |TAMS 0x0000000743400000, 0x0000000743400000| Untracked 
|  13|0x0000000743600000, 0x0000000743600000, 0x0000000743800000|  0%| F|  |TAMS 0x0000000743600000, 0x0000000743600000| Untracked 
|  14|0x0000000743800000, 0x0000000743800000, 0x0000000743a00000|  0%| F|  |TAMS 0x0000000743800000, 0x0000000743800000| Untracked 
|  15|0x0000000743a00000, 0x0000000743a00000, 0x0000000743c00000|  0%| F|  |TAMS 0x0000000743a00000, 0x0000000743a00000| Untracked 
|  16|0x0000000743c00000, 0x0000000743c00000, 0x0000000743e00000|  0%| F|  |TAMS 0x0000000743c00000, 0x0000000743c00000| Untracked 
|  17|0x0000000743e00000, 0x0000000743e00000, 0x0000000744000000|  0%| F|  |TAMS 0x0000000743e00000, 0x0000000743e00000| Untracked 
|  18|0x0000000744000000, 0x0000000744000000, 0x0000000744200000|  0%| F|  |TAMS 0x0000000744000000, 0x0000000744000000| Untracked 
|  19|0x0000000744200000, 0x0000000744272dc8, 0x0000000744400000| 22%| S|CS|TAMS 0x0000000744200000, 0x0000000744200000| Complete 
|  20|0x0000000744400000, 0x0000000744600000, 0x0000000744600000|100%| S|CS|TAMS 0x0000000744400000, 0x0000000744400000| Complete 
|  21|0x0000000744600000, 0x0000000744600000, 0x0000000744800000|  0%| F|  |TAMS 0x0000000744600000, 0x0000000744600000| Untracked 
|  22|0x0000000744800000, 0x0000000744800000, 0x0000000744a00000|  0%| F|  |TAMS 0x0000000744800000, 0x0000000744800000| Untracked 
|  23|0x0000000744a00000, 0x0000000744a00000, 0x0000000744c00000|  0%| F|  |TAMS 0x0000000744a00000, 0x0000000744a00000| Untracked 
|  24|0x0000000744c00000, 0x0000000744c00000, 0x0000000744e00000|  0%| F|  |TAMS 0x0000000744c00000, 0x0000000744c00000| Untracked 
|  25|0x0000000744e00000, 0x0000000744e00000, 0x0000000745000000|  0%| F|  |TAMS 0x0000000744e00000, 0x0000000744e00000| Untracked 
|  26|0x0000000745000000, 0x0000000745000000, 0x0000000745200000|  0%| F|  |TAMS 0x0000000745000000, 0x0000000745000000| Untracked 
|  27|0x0000000745200000, 0x0000000745200000, 0x0000000745400000|  0%| F|  |TAMS 0x0000000745200000, 0x0000000745200000| Untracked 
|  28|0x0000000745400000, 0x0000000745400000, 0x0000000745600000|  0%| F|  |TAMS 0x0000000745400000, 0x0000000745400000| Untracked 
|  29|0x0000000745600000, 0x0000000745600000, 0x0000000745800000|  0%| F|  |TAMS 0x0000000745600000, 0x0000000745600000| Untracked 
|  30|0x0000000745800000, 0x0000000745800000, 0x0000000745a00000|  0%| F|  |TAMS 0x0000000745800000, 0x0000000745800000| Untracked 
|  31|0x0000000745a00000, 0x0000000745a00000, 0x0000000745c00000|  0%| F|  |TAMS 0x0000000745a00000, 0x0000000745a00000| Untracked 
|  32|0x0000000745c00000, 0x0000000745c00000, 0x0000000745e00000|  0%| F|  |TAMS 0x0000000745c00000, 0x0000000745c00000| Untracked 
|  33|0x0000000745e00000, 0x0000000745e00000, 0x0000000746000000|  0%| F|  |TAMS 0x0000000745e00000, 0x0000000745e00000| Untracked 
|  80|0x000000074bc00000, 0x000000074bc00000, 0x000000074be00000|  0%| F|  |TAMS 0x000000074bc00000, 0x000000074bc00000| Untracked 
|  81|0x000000074be00000, 0x000000074be00000, 0x000000074c000000|  0%| F|  |TAMS 0x000000074be00000, 0x000000074be00000| Untracked 
|  82|0x000000074c000000, 0x000000074c000000, 0x000000074c200000|  0%| F|  |TAMS 0x000000074c000000, 0x000000074c000000| Untracked 
|  83|0x000000074c200000, 0x000000074c200000, 0x000000074c400000|  0%| F|  |TAMS 0x000000074c200000, 0x000000074c200000| Untracked 
|  95|0x000000074da00000, 0x000000074da00000, 0x000000074dc00000|  0%| F|  |TAMS 0x000000074da00000, 0x000000074da00000| Untracked 

Card table byte_map: [0x0000021e56b80000,0x0000021e57180000] _byte_map_base: 0x0000021e53172000

Marking Bits (Prev, Next): (CMBitMap*) 0x0000021e4bba85e0, (CMBitMap*) 0x0000021e4bba85a0
 Prev Bits: [0x0000021e5a710000, 0x0000021e5d6a0000)
 Next Bits: [0x0000021e57780000, 0x0000021e5a710000)

Polling page: 0x0000021e499d0000

Metaspace:

Usage:
  Non-class:     28.69 MB used.
      Class:      4.64 MB used.
       Both:     33.33 MB used.

Virtual space:
  Non-class space:       64.00 MB reserved,      28.94 MB ( 45%) committed,  1 nodes.
      Class space:        1.00 GB reserved,       4.88 MB ( <1%) committed,  1 nodes.
             Both:        1.06 GB reserved,      33.81 MB (  3%) committed. 

Chunk freelists:
   Non-Class:  2.53 MB
       Class:  3.16 MB
        Both:  5.69 MB

MaxMetaspaceSize: unlimited
CompressedClassSpaceSize: 1.00 GB
Initial GC threshold: 21.00 MB
Current GC threshold: 35.25 MB
CDS: on
MetaspaceReclaimPolicy: balanced
 - commit_granule_bytes: 65536.
 - commit_granule_words: 8192.
 - virtual_space_node_default_size: 8388608.
 - enlarge_chunks_in_place: 1.
 - new_chunks_are_fully_committed: 0.
 - uncommit_free_chunks: 1.
 - use_allocation_guard: 0.


Internal statistics:

num_allocs_failed_limit: 3.
num_arena_births: 534.
num_arena_deaths: 0.
num_vsnodes_births: 2.
num_vsnodes_deaths: 0.
num_space_committed: 541.
num_space_uncommitted: 0.
num_chunks_returned_to_freelist: 3.
num_chunks_taken_from_freelist: 1667.
num_chunk_merges: 3.
num_chunk_splits: 1207.
num_chunks_enlarged: 954.
num_inconsistent_stats: 0.

CodeCache: size=49152Kb used=9608Kb max_used=9608Kb free=39543Kb
 bounds [0x0000021e53470000, 0x0000021e53de0000, 0x0000021e56470000]
 total_blobs=4702 nmethods=4167 adapters=458
 compilation: enabled
              stopped_count=0, restarted_count=0
 full_count=0

Compilation events (20 events):
Event: 5.836 Thread 0x0000021e6019d450 nmethod 4155 0x0000021e53dc9d10 code [0x0000021e53dc9ec0, 0x0000021e53dca278]
Event: 5.836 Thread 0x0000021e60108110 nmethod 4158 0x0000021e53dca410 code [0x0000021e53dca620, 0x0000021e53dca968]
Event: 5.837 Thread 0x0000021e6019d450 4159       1       java.io.ObjectOutputStream::writeByte (9 bytes)
Event: 5.838 Thread 0x0000021e6019d450 nmethod 4159 0x0000021e53dcab90 code [0x0000021e53dcad20, 0x0000021e53dcae68]
Event: 5.848 Thread 0x0000021e60108110 4161       1       java.lang.CharacterDataLatin1::isDigit (18 bytes)
Event: 5.848 Thread 0x0000021e6019d450 4160       1       java.lang.Character::isDigit (9 bytes)
Event: 5.848 Thread 0x0000021e6019d450 nmethod 4160 0x0000021e53dcaf90 code [0x0000021e53dcb140, 0x0000021e53dcb238]
Event: 5.848 Thread 0x0000021e60108110 nmethod 4161 0x0000021e53dcb310 code [0x0000021e53dcb4a0, 0x0000021e53dcb598]
Event: 5.849 Thread 0x0000021e600d1d70 4162       1       java.lang.Long::valueOf (40 bytes)
Event: 5.849 Thread 0x0000021e600d1d70 nmethod 4162 0x0000021e53dcb610 code [0x0000021e53dcb7a0, 0x0000021e53dcb938]
Event: 5.866 Thread 0x0000021e60108110 4163   !   1       java.lang.Class::newInstance (134 bytes)
Event: 5.866 Thread 0x0000021e600d1d70 4164       1       jdk.internal.reflect.ReflectionFactory::newInstance (13 bytes)
Event: 5.866 Thread 0x0000021e6019d450 4165       1       java.lang.reflect.ReflectAccess::newInstance (8 bytes)
Event: 5.866 Thread 0x0000021e6019d450 nmethod 4165 0x0000021e53dcc710 code [0x0000021e53dcc8a0, 0x0000021e53dcc988]
Event: 5.866 Thread 0x0000021e600d1d70 nmethod 4164 0x0000021e53dcca10 code [0x0000021e53dccba0, 0x0000021e53dccce8]
Event: 5.867 Thread 0x0000021e60108110 nmethod 4163 0x0000021e53dcce10 code [0x0000021e53dcd0c0, 0x0000021e53dcdab8]
Event: 5.869 Thread 0x0000021e6019d950 4166       1       java.lang.CompoundEnumeration::hasMoreElements (5 bytes)
Event: 5.869 Thread 0x0000021e6019d950 nmethod 4166 0x0000021e53dce290 code [0x0000021e53dce420, 0x0000021e53dce508]
Event: 5.869 Thread 0x0000021e6019d450 4167   !   1       jdk.internal.loader.AbstractClassLoaderValue::get (21 bytes)
Event: 5.870 Thread 0x0000021e6019d450 nmethod 4167 0x0000021e53dce590 code [0x0000021e53dce760, 0x0000021e53dce9a8]

GC Heap History (13 events):
Event: 1.899 GC heap before
{Heap before GC invocations=0 (full 0):
 garbage-first heap   total 196608K, used 20480K [0x0000000741c00000, 0x0000000800000000)
  region size 2048K, 11 young (22528K), 0 survivors (0K)
 Metaspace       used 6817K, committed 7040K, reserved 1114112K
  class space    used 800K, committed 896K, reserved 1048576K
}
Event: 1.915 GC heap after
{Heap after GC invocations=1 (full 0):
 garbage-first heap   total 196608K, used 8325K [0x0000000741c00000, 0x0000000800000000)
  region size 2048K, 2 young (4096K), 2 survivors (4096K)
 Metaspace       used 6817K, committed 7040K, reserved 1114112K
  class space    used 800K, committed 896K, reserved 1048576K
}
Event: 2.407 GC heap before
{Heap before GC invocations=1 (full 0):
 garbage-first heap   total 196608K, used 22661K [0x0000000741c00000, 0x0000000800000000)
  region size 2048K, 9 young (18432K), 2 survivors (4096K)
 Metaspace       used 9847K, committed 10112K, reserved 1114112K
  class space    used 1289K, committed 1408K, reserved 1048576K
}
Event: 2.414 GC heap after
{Heap after GC invocations=2 (full 0):
 garbage-first heap   total 196608K, used 10265K [0x0000000741c00000, 0x0000000800000000)
  region size 2048K, 1 young (2048K), 1 survivors (2048K)
 Metaspace       used 9847K, committed 10112K, reserved 1114112K
  class space    used 1289K, committed 1408K, reserved 1048576K
}
Event: 3.296 GC heap before
{Heap before GC invocations=2 (full 0):
 garbage-first heap   total 196608K, used 61465K [0x0000000741c00000, 0x0000000800000000)
  region size 2048K, 27 young (55296K), 1 survivors (2048K)
 Metaspace       used 19154K, committed 19520K, reserved 1114112K
  class space    used 2565K, committed 2752K, reserved 1048576K
}
Event: 3.304 GC heap after
{Heap after GC invocations=3 (full 0):
 garbage-first heap   total 196608K, used 13718K [0x0000000741c00000, 0x0000000800000000)
  region size 2048K, 3 young (6144K), 3 survivors (6144K)
 Metaspace       used 19154K, committed 19520K, reserved 1114112K
  class space    used 2565K, committed 2752K, reserved 1048576K
}
Event: 3.751 GC heap before
{Heap before GC invocations=3 (full 0):
 garbage-first heap   total 196608K, used 36246K [0x0000000741c00000, 0x0000000800000000)
  region size 2048K, 15 young (30720K), 3 survivors (6144K)
 Metaspace       used 21157K, committed 21504K, reserved 1114112K
  class space    used 2837K, committed 3008K, reserved 1048576K
}
Event: 3.756 GC heap after
{Heap after GC invocations=4 (full 0):
 garbage-first heap   total 196608K, used 15188K [0x0000000741c00000, 0x0000000800000000)
  region size 2048K, 4 young (8192K), 4 survivors (8192K)
 Metaspace       used 21157K, committed 21504K, reserved 1114112K
  class space    used 2837K, committed 3008K, reserved 1048576K
}
Event: 4.988 GC heap before
{Heap before GC invocations=5 (full 0):
 garbage-first heap   total 69632K, used 66388K [0x0000000741c00000, 0x0000000800000000)
  region size 2048K, 29 young (59392K), 4 survivors (8192K)
 Metaspace       used 27667K, committed 28032K, reserved 1114112K
  class space    used 3776K, committed 3968K, reserved 1048576K
}
Event: 5.001 GC heap after
{Heap after GC invocations=6 (full 0):
 garbage-first heap   total 79872K, used 19092K [0x0000000741c00000, 0x0000000800000000)
  region size 2048K, 5 young (10240K), 5 survivors (10240K)
 Metaspace       used 27667K, committed 28032K, reserved 1114112K
  class space    used 3776K, committed 3968K, reserved 1048576K
}
Event: 5.013 GC heap before
{Heap before GC invocations=6 (full 0):
 garbage-first heap   total 79872K, used 21140K [0x0000000741c00000, 0x0000000800000000)
  region size 2048K, 6 young (12288K), 5 survivors (10240K)
 Metaspace       used 27668K, committed 28032K, reserved 1114112K
  class space    used 3776K, committed 3968K, reserved 1048576K
}
Event: 5.028 GC heap after
{Heap after GC invocations=7 (full 0):
 garbage-first heap   total 79872K, used 20131K [0x0000000741c00000, 0x0000000800000000)
  region size 2048K, 1 young (2048K), 1 survivors (2048K)
 Metaspace       used 27668K, committed 28032K, reserved 1114112K
  class space    used 3776K, committed 3968K, reserved 1048576K
}
Event: 5.932 GC heap before
{Heap before GC invocations=7 (full 0):
 garbage-first heap   total 79872K, used 52899K [0x0000000741c00000, 0x0000000800000000)
  region size 2048K, 18 young (36864K), 1 survivors (2048K)
 Metaspace       used 34125K, committed 34624K, reserved 1114112K
  class space    used 4751K, committed 4992K, reserved 1048576K
}

Deoptimization events (12 events):
Event: 1.696 Thread 0x0000021e4bb4abc0 DEOPT PACKING pc=0x0000021e537dfd01 sp=0x00000076048fdd80
Event: 1.696 Thread 0x0000021e4bb4abc0 DEOPT UNPACKING pc=0x0000021e534c2b43 sp=0x00000076048fd1d8 mode 3
Event: 2.563 Thread 0x0000021e4bb4abc0 DEOPT PACKING pc=0x0000021e539fcdf9 sp=0x00000076048fd790
Event: 2.563 Thread 0x0000021e4bb4abc0 DEOPT UNPACKING pc=0x0000021e534c2b43 sp=0x00000076048fcc70 mode 3
Event: 3.084 Thread 0x0000021e4bb4abc0 DEOPT PACKING pc=0x0000021e53a4af05 sp=0x00000076048feb20
Event: 3.084 Thread 0x0000021e4bb4abc0 DEOPT UNPACKING pc=0x0000021e534c2b43 sp=0x00000076048fe090 mode 3
Event: 3.882 Thread 0x0000021e4bb4abc0 DEOPT PACKING pc=0x0000021e53a48754 sp=0x00000076048fdc50
Event: 3.882 Thread 0x0000021e4bb4abc0 DEOPT UNPACKING pc=0x0000021e534c2b43 sp=0x00000076048fd1a8 mode 0
Event: 4.330 Thread 0x0000021e4bb4abc0 DEOPT PACKING pc=0x0000021e53cbb681 sp=0x00000076048fe420
Event: 4.330 Thread 0x0000021e4bb4abc0 DEOPT UNPACKING pc=0x0000021e534c2b43 sp=0x00000076048fd890 mode 3
Event: 4.902 Thread 0x0000021e4bb4abc0 DEOPT PACKING pc=0x0000021e53d65de5 sp=0x00000076048fd8b0
Event: 4.902 Thread 0x0000021e4bb4abc0 DEOPT UNPACKING pc=0x0000021e534c2b43 sp=0x00000076048fce18 mode 3

Classes loaded (20 events):
Event: 5.191 Loading class java/io/StreamCorruptedException
Event: 5.191 Loading class java/io/ObjectStreamException
Event: 5.192 Loading class java/io/ObjectStreamException done
Event: 5.192 Loading class java/io/StreamCorruptedException done
Event: 5.194 Loading class java/lang/SafeVarargs
Event: 5.194 Loading class java/lang/SafeVarargs done
Event: 5.263 Loading class javax/naming/Referenceable
Event: 5.263 Loading class javax/naming/Referenceable done
Event: 5.405 Loading class java/lang/Process
Event: 5.405 Loading class java/lang/Process done
Event: 5.437 Loading class java/io/Console
Event: 5.438 Loading class java/io/Console done
Event: 5.798 Loading class javax/xml/stream/XMLEventFactory
Event: 5.798 Loading class javax/xml/stream/XMLEventFactory done
Event: 5.798 Loading class javax/xml/stream/FactoryFinder
Event: 5.799 Loading class javax/xml/stream/FactoryFinder done
Event: 5.799 Loading class javax/xml/stream/FactoryFinder$1
Event: 5.800 Loading class javax/xml/stream/FactoryFinder$1 done
Event: 5.800 Loading class com/sun/xml/internal/stream/events/XMLEventFactoryImpl
Event: 5.801 Loading class com/sun/xml/internal/stream/events/XMLEventFactoryImpl done

Classes unloaded (0 events):
No events

Classes redefined (0 events):
No events

Internal exceptions (20 events):
Event: 5.163 Thread 0x0000021e4bb4abc0 Exception <a 'java/lang/ClassNotFoundException'{0x000000074bc7d5a8}: org/springframework/data/repository/core/support/TransactionalRepositoryFactoryBeanSupportCustomizer> (0x000000074bc7d5a8) 
thrown [s\open\src\hotspot\share\classfile\systemDictionary.cpp, line 255]
Event: 5.165 Thread 0x0000021e4bb4abc0 Exception <a 'java/lang/ClassNotFoundException'{0x000000074bc8f0f0}: org/springframework/data/jpa/repository/support/JpaRepositoryFactoryBeanCustomizer> (0x000000074bc8f0f0) 
thrown [s\open\src\hotspot\share\classfile\systemDictionary.cpp, line 255]
Event: 5.167 Thread 0x0000021e4bb4abc0 Exception <a 'java/lang/ClassNotFoundException'{0x000000074bcc1b38}: org/springframework/beans/factory/BeanFactoryAwareCustomizer> (0x000000074bcc1b38) 
thrown [s\open\src\hotspot\share\classfile\systemDictionary.cpp, line 255]
Event: 5.168 Thread 0x0000021e4bb4abc0 Exception <a 'java/lang/ClassNotFoundException'{0x000000074bcca1c0}: org/springframework/beans/factory/AwareCustomizer> (0x000000074bcca1c0) 
thrown [s\open\src\hotspot\share\classfile\systemDictionary.cpp, line 255]
Event: 5.169 Thread 0x0000021e4bb4abc0 Exception <a 'java/lang/ClassNotFoundException'{0x000000074bcd1688}: org/springframework/beans/factory/InitializingBeanCustomizer> (0x000000074bcd1688) 
thrown [s\open\src\hotspot\share\classfile\systemDictionary.cpp, line 255]
Event: 5.170 Thread 0x0000021e4bb4abc0 Exception <a 'java/lang/ClassNotFoundException'{0x000000074bcda1e8}: org/springframework/data/repository/core/support/RepositoryFactoryInformationCustomizer> (0x000000074bcda1e8) 
thrown [s\open\src\hotspot\share\classfile\systemDictionary.cpp, line 255]
Event: 5.171 Thread 0x0000021e4bb4abc0 Exception <a 'java/lang/ClassNotFoundException'{0x000000074bce7c98}: org/springframework/beans/factory/FactoryBeanCustomizer> (0x000000074bce7c98) 
thrown [s\open\src\hotspot\share\classfile\systemDictionary.cpp, line 255]
Event: 5.172 Thread 0x0000021e4bb4abc0 Exception <a 'java/lang/ClassNotFoundException'{0x000000074bcf35a0}: org/springframework/beans/factory/BeanClassLoaderAwareCustomizer> (0x000000074bcf35a0) 
thrown [s\open\src\hotspot\share\classfile\systemDictionary.cpp, line 255]
Event: 5.174 Thread 0x0000021e4bb4abc0 Exception <a 'java/lang/ClassNotFoundException'{0x000000074bcfb508}: org/springframework/beans/factory/AwareCustomizer> (0x000000074bcfb508) 
thrown [s\open\src\hotspot\share\classfile\systemDictionary.cpp, line 255]
Event: 5.175 Thread 0x0000021e4bb4abc0 Exception <a 'java/lang/ClassNotFoundException'{0x000000074bd02948}: org/springframework/beans/factory/BeanFactoryAwareCustomizer> (0x000000074bd02948) 
thrown [s\open\src\hotspot\share\classfile\systemDictionary.cpp, line 255]
Event: 5.175 Thread 0x0000021e4bb4abc0 Exception <a 'java/lang/ClassNotFoundException'{0x000000074bd0af40}: org/springframework/beans/factory/AwareCustomizer> (0x000000074bd0af40) 
thrown [s\open\src\hotspot\share\classfile\systemDictionary.cpp, line 255]
Event: 5.176 Thread 0x0000021e4bb4abc0 Exception <a 'java/lang/ClassNotFoundException'{0x000000074bd12698}: org/springframework/context/ApplicationEventPublisherAwareCustomizer> (0x000000074bd12698) 
thrown [s\open\src\hotspot\share\classfile\systemDictionary.cpp, line 255]
Event: 5.178 Thread 0x0000021e4bb4abc0 Exception <a 'java/lang/ClassNotFoundException'{0x000000074bd1ada8}: org/springframework/beans/factory/AwareCustomizer> (0x000000074bd1ada8) 
thrown [s\open\src\hotspot\share\classfile\systemDictionary.cpp, line 255]
Event: 5.184 Thread 0x0000021e4bb4abc0 Exception <a 'java/lang/ClassNotFoundException'{0x000000074bd54cf0}: java/lang/ObjectCustomizer> (0x000000074bd54cf0) 
thrown [s\open\src\hotspot\share\classfile\systemDictionary.cpp, line 255]
Event: 5.185 Thread 0x0000021e4bb4abc0 Exception <a 'java/lang/ClassNotFoundException'{0x000000074bd5f950}: org/springframework/core/io/support/PropertiesLoaderSupportCustomizer> (0x000000074bd5f950) 
thrown [s\open\src\hotspot\share\classfile\systemDictionary.cpp, line 255]
Event: 5.186 Thread 0x0000021e4bb4abc0 Exception <a 'java/lang/ClassNotFoundException'{0x000000074bd6fe20}: org/springframework/beans/factory/config/PropertiesFactoryBeanCustomizer> (0x000000074bd6fe20) 
thrown [s\open\src\hotspot\share\classfile\systemDictionary.cpp, line 255]
Event: 5.188 Thread 0x0000021e4bb4abc0 Exception <a 'java/lang/ClassNotFoundException'{0x000000074bd87a10}: org/springframework/beans/factory/FactoryBeanCustomizer> (0x000000074bd87a10) 
thrown [s\open\src\hotspot\share\classfile\systemDictionary.cpp, line 255]
Event: 5.189 Thread 0x0000021e4bb4abc0 Exception <a 'java/lang/ClassNotFoundException'{0x000000074bd91868}: org/springframework/beans/factory/InitializingBeanCustomizer> (0x000000074bd91868) 
thrown [s\open\src\hotspot\share\classfile\systemDictionary.cpp, line 255]
Event: 5.247 Thread 0x0000021e4bb4abc0 Exception <a 'java/lang/NoSuchMethodError'{0x0000000745b285f8}: 'java.lang.Object java.lang.invoke.DirectMethodHandle$Holder.newInvokeSpecial(java.lang.Object, java.lang.Object, java.lang.Object, java.lang.Object, java.lang.Object, java.lang.Object, java.lang.Object, java.lang.Object, java.lang.Object, java.lang.Object, java.lang.Object)'> (0x0000000745b285f8) 
thrown [s\open\src\hotspot\share\interpreter\linkResolver.cpp, line 766]
Event: 5.248 Thread 0x0000021e4bb4abc0 Exception <a 'java/lang/NoSuchMethodError'{0x0000000745b2dfd8}: 'java.lang.Object java.lang.invoke.DirectMethodHandle$Holder.invokeSpecial(java.lang.Object, java.lang.Object, java.lang.Object, java.lang.Object, java.lang.Object, java.lang.Object, java.lang.Object, java.lang.Object, java.lang.Object, java.lang.Object, java.lang.Object, java.lang.Object)'> (0x0000000745b2dfd8) 
thrown [s\open\src\hotspot\share\interpreter\linkResolver.cpp, line 766]

VM Operations (20 events):
Event: 4.511 Executing VM operation: ICBufferFull done
Event: 4.836 Executing VM operation: HandshakeAllThreads
Event: 4.836 Executing VM operation: HandshakeAllThreads done
Event: 4.969 Executing VM operation: HandshakeAllThreads
Event: 4.969 Executing VM operation: HandshakeAllThreads done
Event: 4.988 Executing VM operation: G1CollectForAllocation
Event: 5.001 Executing VM operation: G1CollectForAllocation done
Event: 5.013 Executing VM operation: G1CollectForAllocation
Event: 5.028 Executing VM operation: G1CollectForAllocation done
Event: 5.040 Executing VM operation: HandshakeAllThreads
Event: 5.040 Executing VM operation: HandshakeAllThreads done
Event: 5.041 Executing VM operation: HandshakeAllThreads
Event: 5.041 Executing VM operation: HandshakeAllThreads done
Event: 5.069 Executing VM operation: HandshakeAllThreads
Event: 5.069 Executing VM operation: HandshakeAllThreads done
Event: 5.243 Executing VM operation: HandshakeAllThreads
Event: 5.243 Executing VM operation: HandshakeAllThreads done
Event: 5.379 Executing VM operation: HandshakeAllThreads
Event: 5.379 Executing VM operation: HandshakeAllThreads done
Event: 5.931 Executing VM operation: G1CollectForAllocation

Events (20 events):
Event: 0.997 Thread 0x0000021e64a586e0 Thread added: 0x0000021e64a586e0
Event: 2.379 Thread 0x0000021e64f4fba0 Thread added: 0x0000021e64f4fba0
Event: 3.096 Thread 0x0000021e64f4fba0 Thread exited: 0x0000021e64f4fba0
Event: 3.104 Thread 0x0000021e64f4fba0 Thread added: 0x0000021e64f4fba0
Event: 3.131 Thread 0x0000021e64f4fba0 Thread exited: 0x0000021e64f4fba0
Event: 3.143 Thread 0x0000021e64f4fba0 Thread added: 0x0000021e64f4fba0
Event: 3.168 Thread 0x0000021e6586f6a0 Thread added: 0x0000021e6586f6a0
Event: 3.182 Thread 0x0000021e6581d7b0 Thread added: 0x0000021e6581d7b0
Event: 3.239 Thread 0x0000021e6581d7b0 Thread exited: 0x0000021e6581d7b0
Event: 3.757 Thread 0x0000021e65aaaae0 Thread added: 0x0000021e65aaaae0
Event: 3.763 Thread 0x0000021e65aaaae0 Thread exited: 0x0000021e65aaaae0
Event: 4.286 Thread 0x0000021e65bd7a60 Thread added: 0x0000021e65bd7a60
Event: 4.342 Thread 0x0000021e65bd7a60 Thread exited: 0x0000021e65bd7a60
Event: 4.801 Thread 0x0000021e65c7a220 Thread added: 0x0000021e65c7a220
Event: 4.805 Thread 0x0000021e65c7a220 Thread exited: 0x0000021e65c7a220
Event: 5.062 Loaded shared library C:\Users\Admin\.jdks\openjdk-18.0.1.1\bin\sunmscapi.dll
Event: 5.316 Thread 0x0000021e65de50f0 Thread added: 0x0000021e65de50f0
Event: 5.322 Thread 0x0000021e65de50f0 Thread exited: 0x0000021e65de50f0
Event: 5.830 Thread 0x0000021e65ef7560 Thread added: 0x0000021e65ef7560
Event: 5.837 Thread 0x0000021e65ef7560 Thread exited: 0x0000021e65ef7560


Dynamic libraries:
0x00007ff716f20000 - 0x00007ff716f2e000 	C:\Users\Admin\.jdks\openjdk-18.0.1.1\bin\java.exe
0x00007ffe72630000 - 0x00007ffe72828000 	C:\Windows\SYSTEM32\ntdll.dll
0x00007ffe34430000 - 0x00007ffe34447000 	C:\Program Files\AVG\Antivirus\aswhook.dll
0x00007ffe72350000 - 0x00007ffe7240d000 	C:\Windows\System32\KERNEL32.DLL
0x00007ffe70030000 - 0x00007ffe702fe000 	C:\Windows\System32\KERNELBASE.dll
0x00007ffe70590000 - 0x00007ffe70690000 	C:\Windows\System32\ucrtbase.dll
0x00007ffe56790000 - 0x00007ffe567aa000 	C:\Users\Admin\.jdks\openjdk-18.0.1.1\bin\VCRUNTIME140.dll
0x00007ffe568f0000 - 0x00007ffe56907000 	C:\Users\Admin\.jdks\openjdk-18.0.1.1\bin\jli.dll
0x00007ffe70fd0000 - 0x00007ffe71170000 	C:\Windows\System32\USER32.dll
0x00007ffe58350000 - 0x00007ffe585ea000 	C:\Windows\WinSxS\amd64_microsoft.windows.common-controls_6595b64144ccf1df_6.0.19041.1110_none_60b5254171f9507e\COMCTL32.dll
0x00007ffe6fdc0000 - 0x00007ffe6fde2000 	C:\Windows\System32\win32u.dll
0x00007ffe72590000 - 0x00007ffe725ba000 	C:\Windows\System32\GDI32.dll
0x00007ffe70300000 - 0x00007ffe7040b000 	C:\Windows\System32\gdi32full.dll
0x00007ffe70770000 - 0x00007ffe7080e000 	C:\Windows\System32\msvcrt.dll
0x00007ffe704c0000 - 0x00007ffe7055d000 	C:\Windows\System32\msvcp_win.dll
0x00007ffe725c0000 - 0x00007ffe725f0000 	C:\Windows\System32\IMM32.DLL
0x00007ffe6bc00000 - 0x00007ffe6bc0c000 	C:\Users\Admin\.jdks\openjdk-18.0.1.1\bin\vcruntime140_1.dll
0x00007ffe34d40000 - 0x00007ffe34dcd000 	C:\Users\Admin\.jdks\openjdk-18.0.1.1\bin\msvcp140.dll
0x00007ffdc8fd0000 - 0x00007ffdc9be0000 	C:\Users\Admin\.jdks\openjdk-18.0.1.1\bin\server\jvm.dll
0x00007ffe713d0000 - 0x00007ffe7147e000 	C:\Windows\System32\ADVAPI32.dll
0x00007ffe70e60000 - 0x00007ffe70efc000 	C:\Windows\System32\sechost.dll
0x00007ffe71f40000 - 0x00007ffe72065000 	C:\Windows\System32\RPCRT4.dll
0x00007ffe71170000 - 0x00007ffe71178000 	C:\Windows\System32\PSAPI.DLL
0x00007ffe5a7a0000 - 0x00007ffe5a7c7000 	C:\Windows\SYSTEM32\WINMM.dll
0x00007ffe56ed0000 - 0x00007ffe56ed9000 	C:\Windows\SYSTEM32\WSOCK32.dll
0x00007ffe68e40000 - 0x00007ffe68e4a000 	C:\Windows\SYSTEM32\VERSION.dll
0x00007ffe72410000 - 0x00007ffe7247b000 	C:\Windows\System32\WS2_32.dll
0x00007ffe6dc40000 - 0x00007ffe6dc52000 	C:\Windows\SYSTEM32\kernel.appcore.dll
0x00007ffe6bb50000 - 0x00007ffe6bb5a000 	C:\Users\Admin\.jdks\openjdk-18.0.1.1\bin\jimage.dll
0x00007ffe5e990000 - 0x00007ffe5eb74000 	C:\Windows\SYSTEM32\DBGHELP.DLL
0x00007ffe5e790000 - 0x00007ffe5e7bc000 	C:\Windows\SYSTEM32\dbgcore.DLL
0x00007ffe6fdf0000 - 0x00007ffe6fe72000 	C:\Windows\System32\bcryptPrimitives.dll
0x00007ffe59630000 - 0x00007ffe5963e000 	C:\Users\Admin\.jdks\openjdk-18.0.1.1\bin\instrument.dll
0x00007ffe55b30000 - 0x00007ffe55b55000 	C:\Users\Admin\.jdks\openjdk-18.0.1.1\bin\java.dll
0x00007ffe19c50000 - 0x00007ffe19d26000 	C:\Users\Admin\.jdks\openjdk-18.0.1.1\bin\jsvml.dll
0x00007ffe71480000 - 0x00007ffe71bc3000 	C:\Windows\System32\SHELL32.dll
0x00007ffe6de40000 - 0x00007ffe6e5d5000 	C:\Windows\SYSTEM32\windows.storage.dll
0x00007ffe71be0000 - 0x00007ffe71f34000 	C:\Windows\System32\combase.dll
0x00007ffe6f7b0000 - 0x00007ffe6f7e0000 	C:\Windows\SYSTEM32\Wldp.dll
0x00007ffe71260000 - 0x00007ffe7130d000 	C:\Windows\System32\SHCORE.dll
0x00007ffe70810000 - 0x00007ffe70865000 	C:\Windows\System32\shlwapi.dll
0x00007ffe6fc90000 - 0x00007ffe6fcaf000 	C:\Windows\SYSTEM32\profapi.dll
0x00007ffe52cb0000 - 0x00007ffe52cc8000 	C:\Users\Admin\.jdks\openjdk-18.0.1.1\bin\zip.dll
0x00007ffe55bb0000 - 0x00007ffe55bc3000 	C:\Users\Admin\.jdks\openjdk-18.0.1.1\bin\net.dll
0x00007ffe5e090000 - 0x00007ffe5e19a000 	C:\Windows\SYSTEM32\WINHTTP.dll
0x00007ffe6f510000 - 0x00007ffe6f57a000 	C:\Windows\system32\mswsock.dll
0x00007ffe52f90000 - 0x00007ffe52fa6000 	C:\Users\Admin\.jdks\openjdk-18.0.1.1\bin\nio.dll
0x00007ffe52b90000 - 0x00007ffe52baa000 	E:\Intellji\IntelliJ IDEA 2021.1\bin\breakgen64.dll
0x00007ffe6f1f0000 - 0x00007ffe6f2ba000 	C:\Windows\SYSTEM32\DNSAPI.dll
0x00007ffe6f1b0000 - 0x00007ffe6f1eb000 	C:\Windows\SYSTEM32\IPHLPAPI.DLL
0x00007ffe71310000 - 0x00007ffe71318000 	C:\Windows\System32\NSI.dll
0x00007ffe59370000 - 0x00007ffe5937a000 	C:\Windows\System32\rasadhlp.dll
0x00007ffe593b0000 - 0x00007ffe59430000 	C:\Windows\System32\fwpuclnt.dll
0x00007ffe70560000 - 0x00007ffe70587000 	C:\Windows\System32\bcrypt.dll
0x00007ffe57470000 - 0x00007ffe57479000 	C:\Users\Admin\.jdks\openjdk-18.0.1.1\bin\management.dll
0x00007ffe57180000 - 0x00007ffe5718b000 	C:\Users\Admin\.jdks\openjdk-18.0.1.1\bin\management_ext.dll
0x00007ffe6f700000 - 0x00007ffe6f718000 	C:\Windows\SYSTEM32\CRYPTSP.dll
0x00007ffe6ee20000 - 0x00007ffe6ee54000 	C:\Windows\system32\rsaenh.dll
0x00007ffe6fc50000 - 0x00007ffe6fc7e000 	C:\Windows\SYSTEM32\USERENV.dll
0x00007ffe6f720000 - 0x00007ffe6f72c000 	C:\Windows\SYSTEM32\CRYPTBASE.dll
0x00007ffe67cd0000 - 0x00007ffe67ce7000 	C:\Windows\SYSTEM32\dhcpcsvc6.DLL
0x00007ffe67fa0000 - 0x00007ffe67fbd000 	C:\Windows\SYSTEM32\dhcpcsvc.DLL
0x00007ffe424e0000 - 0x00007ffe424f7000 	C:\Windows\system32\napinsp.dll
0x00007ffe3e570000 - 0x00007ffe3e58b000 	C:\Windows\system32\pnrpnsp.dll
0x00007ffe6ac10000 - 0x00007ffe6ac25000 	C:\Windows\system32\wshbth.dll
0x00007ffe6ba40000 - 0x00007ffe6ba5d000 	C:\Windows\system32\NLAapi.dll
0x00007ffe3e550000 - 0x00007ffe3e562000 	C:\Windows\System32\winrnr.dll
0x00007ffe568e0000 - 0x00007ffe568ee000 	C:\Users\Admin\.jdks\openjdk-18.0.1.1\bin\sunmscapi.dll
0x00007ffe6fed0000 - 0x00007ffe70026000 	C:\Windows\System32\CRYPT32.dll
0x00007ffe6f820000 - 0x00007ffe6f847000 	C:\Windows\SYSTEM32\ncrypt.dll
0x00007ffe6f7e0000 - 0x00007ffe6f81b000 	C:\Windows\SYSTEM32\NTASN1.dll

dbghelp: loaded successfully - version: 4.0.5 - missing functions: none
symbol engine: initialized successfully - sym options: 0x614 - pdb path: .;C:\Users\Admin\.jdks\openjdk-18.0.1.1\bin;C:\Windows\SYSTEM32;C:\Program Files\AVG\Antivirus;C:\Windows\WinSxS\amd64_microsoft.windows.common-controls_6595b64144ccf1df_6.0.19041.1110_none_60b5254171f9507e;C:\Users\Admin\.jdks\openjdk-18.0.1.1\bin\server;E:\Intellji\IntelliJ IDEA 2021.1\bin

VM Arguments:
jvm_args: -XX:TieredStopAtLevel=1 -Xverify:none -Dspring.output.ansi.enabled=always -javaagent:E:\Intellji\IntelliJ IDEA 2021.1\lib\idea_rt.jar=51279:E:\Intellji\IntelliJ IDEA 2021.1\bin -Dcom.sun.management.jmxremote -Dspring.jmx.enabled=true -Dspring.liveBeansView.mbeanDomain -Dspring.application.admin.enabled=true -Dfile.encoding=UTF-8 
java_command: com.example.ecommerce_web.EcommerceWebApplication
java_class_path (initial): E:\E-commerce PJ\Ecommerce-web\target\classes;C:\Users\Admin\.m2\repository\org\springframework\boot\spring-boot-starter-data-jpa\2.7.3\spring-boot-starter-data-jpa-2.7.3.jar;C:\Users\Admin\.m2\repository\org\springframework\boot\spring-boot-starter-aop\2.7.3\spring-boot-starter-aop-2.7.3.jar;C:\Users\Admin\.m2\repository\org\aspectj\aspectjweaver\1.9.7\aspectjweaver-1.9.7.jar;C:\Users\Admin\.m2\repository\org\springframework\boot\spring-boot-starter-jdbc\2.7.3\spring-boot-starter-jdbc-2.7.3.jar;C:\Users\Admin\.m2\repository\com\zaxxer\HikariCP\4.0.3\HikariCP-4.0.3.jar;C:\Users\Admin\.m2\repository\org\springframework\spring-jdbc\5.3.22\spring-jdbc-5.3.22.jar;C:\Users\Admin\.m2\repository\jakarta\transaction\jakarta.transaction-api\1.3.3\jakarta.transaction-api-1.3.3.jar;C:\Users\Admin\.m2\repository\jakarta\persistence\jakarta.persistence-api\2.2.3\jakarta.persistence-api-2.2.3.jar;C:\Users\Admin\.m2\repository\org\hibernate\hibernate-core\5.6.10.Final\hibernate-core-5.6.10.Final.jar;C:\Users\Admin\.m2\repository\org\jboss\logging\jboss-logging\3.4.3.Final\jboss-logging-3.4.3.Final.jar;C:\Users\Admin\.m2\repository\net\bytebuddy\byte-buddy\1.12.13\byte-buddy-1.12.13.jar;C:\Users\Admin\.m2\repository\antlr\antlr\2.7.7\antlr-2.7.7.jar;C:\Users\Admin\.m2\repository\org\jboss\jandex\2.4.2.Final\jandex-2.4.2.Final.jar;C:\Users\Admin\.m2\repository\com\fasterxml\classmate\1.5.1\classmate-1.5.1.jar;C:\Users\Admin\.m2\repository\org\hibernate\common\hibernate-commons-annotations\5.1.2.Final\hibernate-commons-annotations-5.1.2.Final.jar;C:\Users\Admin\.m2\repository\org\glassfish\jaxb\jaxb-runtime\2.3.6\jaxb-runtime-2.3.6.jar;C:\Users\Admin\.m2\repository\org\glassfish\jaxb\txw2\2.3.6\txw2-2.3.6.jar;C:\Users\Admin\.m2\repository\com\sun\istack\istack-commons-runtime\3.0.12\istack-commons-runtime-3.0.12.jar;C:\Users\Admin\.m2\repository\org\springframework\data\spring-data-jpa\2.7.2\spring-data-jpa-2.7.2.jar;C:\Users\Admin\.m2\repository\org\springframework\data\spring-data-commons\2.7.2\spring-data-commons-2.7.2.jar;C:\Users\Admin\.m2\repository\org\springframework\spring-orm\5.3.22\spring-orm-5.3.22.jar;C:\Users\Admin\.m2\repository\org\springframework\spring-context\5.3.22\spring-context-5.3.22.jar;C:\Users\Admin\.m2\repository\org\springframework\spring-tx\5.3.22\spring-tx-5.3.22.jar;C:\Users\Admin\.m2\repository\org\springframework\spring-beans\5.3.22\spring-beans-5.3.22.jar;C:\Users\Admin\.m2\repository\org\slf4j\slf4j-api\1.7.36\slf4j-api-1.7.36.jar;C:\Users\Admin\.m2\repository\org\springframework\spring-aspects\5.3.22\spring-aspects-5.3.22.jar;C:\Users\Admin\.m2\repository\org\springframework\boot\spring-boot-starter\2.7.3\spring-boot-starter-2.7.3.jar;C:\Users\Admin\.m2\repository\org\springframework\boot\spring-boot\2.7.3\spring-boot-2.7.3.jar;C:\Users\Admin\.m2\repository\org\springframework\boot\spring-boot-autoconfigure\2.7.3\spring-boot-autoconfigure-2.7.3.jar;C:\Users\Admin\.m2\repository\org\springframework\boot\spring-boot-starter-logging\2.7.3\spring-boot-starter-logging-2.7.3.jar;C:\Users\Admin\.m2\repository\ch\qos\logback\logback-classic\1.2.11\logback-classic-1.2.11.jar;C:\Users\Admin\.m2\repository\ch\qos\logback\logback-core\1.2.11\logback-core-1.2.11.jar;C:\Users\Admin\.m2\repository\org\apache\logging\log4j\log4j-to-slf4j\2.17.2\log4j-to-slf4j-2.17.2.jar;C:\Users\Admin\.m2\repository\org\apache\logging\log4j\log4j-api\2.17.2\log4j-api-2.17.2.jar;C:\Users\Admin\.m2\repository\org\slf4j\jul-to-slf4j\1.7.36\jul-to-slf4j-1.7.36.jar;C:\Users\Admin\.m2\repository\jakarta\annotation\jakarta.annotation-api\1.3.5\jakarta.annotation-api-1.3.5.jar;C:\Users\Admin\.m2\repository\org\yaml\snakeyaml\1.30\snakeyaml-1.30.jar;C:\Users\Admin\.m2\repository\com\jayway\jsonpath\json-path\2.7.0\json-path-2.7.0.jar;C:\Users\Admin\.m2\repository\net\minidev\json-smart\2.4.8\json-smart-2.4.8.jar;C:\Users\Admin\.m2\repository\net\minidev\accessors-smart\2.4.8\accessors-smart-2.4.8.jar;C:\Users\Admin\.m2\repository\org\ow2\asm\asm\9.1\asm-9.1.jar;C:\Users\Admin\.m2\repository\jakarta\xml\bind\jakarta.xml.bind-api\2.3.3\jakarta.xml.bind-api-2.3.3.jar;C:\Users\Admin\.m2\repository\jakarta\activation\jakarta.activation-api\1.2.2\jakarta.activation-api-1.2.2.jar;C:\Users\Admin\.m2\repository\org\springframework\spring-core\5.3.22\spring-core-5.3.22.jar;C:\Users\Admin\.m2\repository\org\springframework\boot\spring-boot-starter-hateoas\2.7.3\spring-boot-starter-hateoas-2.7.3.jar;C:\Users\Admin\.m2\repository\org\springframework\hateoas\spring-hateoas\1.5.1\spring-hateoas-1.5.1.jar;C:\Users\Admin\.m2\repository\org\springframework\plugin\spring-plugin-core\2.0.0.RELEASE\spring-plugin-core-2.0.0.RELEASE.jar;C:\Users\Admin\.m2\repository\org\springdoc\springdoc-openapi-ui\1.6.6\springdoc-openapi-ui-1.6.6.jar;C:\Users\Admin\.m2\repository\org\springdoc\springdoc-openapi-webmvc-core\1.6.6\springdoc-openapi-webmvc-core-1.6.6.jar;C:\Users\Admin\.m2\repository\org\springdoc\springdoc-openapi-common\1.6.6\springdoc-openapi-common-1.6.6.jar;C:\Users\Admin\.m2\repository\io\swagger\core\v3\swagger-core\2.1.12\swagger-core-2.1.12.jar;C:\Users\Admin\.m2\repository\org\apache\commons\commons-lang3\3.12.0\commons-lang3-3.12.0.jar;C:\Users\Admin\.m2\repository\com\fasterxml\jackson\dataformat\jackson-dataformat-yaml\2.13.3\jackson-dataformat-yaml-2.13.3.jar;C:\Users\Admin\.m2\repository\io\swagger\core\v3\swagger-annotations\2.1.12\swagger-annotations-2.1.12.jar;C:\Users\Admin\.m2\repository\io\swagger\core\v3\swagger-models\2.1.12\swagger-models-2.1.12.jar;C:\Users\Admin\.m2\repository\org\webjars\swagger-ui\4.5.0\swagger-ui-4.5.0.jar;C:\Users\Admin\.m2\repository\org\webjars\webjars-locator-core\0.50\webjars-locator-core-0.50.jar;C:\Users\Admin\.m2\repository\com\fasterxml\jackson\core\jackson-core\2.13.3\jackson-core-2.13.3.jar;C:\Users\Admin\.m2\repository\io\github\classgraph\classgraph\4.8.138\classgraph-4.8.138.jar;C:\Users\Admin\.m2\repository\org\springframework\boot\spring-boot-starter-web\2.7.3\spring-boot-starter-web-2.7.3.jar;C:\Users\Admin\.m2\repository\org\springframework\boot\spring-boot-starter-json\2.7.3\spring-boot-starter-json-2.7.3.jar;C:\Users\Admin\.m2\repository\com\fasterxml\jackson\datatype\jackson-datatype-jdk8\2.13.3\jackson-datatype-jdk8-2.13.3.jar;C:\Users\Admin\.m2\repository\com\fasterxml\jackson\datatype\jackson-datatype-jsr310\2.13.3\jackson-datatype-jsr310-2.13.3.jar;C:\Users\Admin\.m2\repository\com\fasterxml\jackson\module\jackson-module-parameter-names\2.13.3\jackson-module-parameter-names-2.13.3.jar;C:\Users\Admin\.m2\repository\org\springframework\boot\spring-boot-starter-tomcat\2.7.3\spring-boot-starter-tomcat-2.7.3.jar;C:\Users\Admin\.m2\repository\org\apache\tomcat\embed\tomcat-embed-core\9.0.65\tomcat-embed-core-9.0.65.jar;C:\Users\Admin\.m2\repository\org\apache\tomcat\embed\tomcat-embed-websocket\9.0.65\tomcat-embed-websocket-9.0.65.jar;C:\Users\Admin\.m2\repository\org\springframework\spring-web\5.3.22\spring-web-5.3.22.jar;C:\Users\Admin\.m2\repository\org\springframework\spring-webmvc\5.3.22\spring-webmvc-5.3.22.jar;C:\Users\Admin\.m2\repository\org\springframework\spring-expression\5.3.22\spring-expression-5.3.22.jar;C:\Users\Admin\.m2\repository\org\springframework\boot\spring-boot-starter-validation\2.7.3\spring-boot-starter-validation-2.7.3.jar;C:\Users\Admin\.m2\repository\org\apache\tomcat\embed\tomcat-embed-el\9.0.65\tomcat-embed-el-9.0.65.jar;C:\Users\Admin\.m2\repository\org\hibernate\validator\hibernate-validator\6.2.4.Final\hibernate-validator-6.2.4.Final.jar;C:\Users\Admin\.m2\repository\jakarta\validation\jakarta.validation-api\2.0.2\jakarta.validation-api-2.0.2.jar;C:\Users\Admin\.m2\repository\org\modelmapper\modelmapper\3.1.0\modelmapper-3.1.0.jar;C:\Users\Admin\.m2\repository\org\springframework\boot\spring-boot-starter-mail\2.7.3\spring-boot-starter-mail-2.7.3.jar;C:\Users\Admin\.m2\repository\org\springframework\spring-context-support\5.3.22\spring-context-support-5.3.22.jar;C:\Users\Admin\.m2\repository\com\sun\mail\jakarta.mail\1.6.7\jakarta.mail-1.6.7.jar;C:\Users\Admin\.m2\repository\com\sun\activation\jakarta.activation\1.2.2\jakarta.activation-1.2.2.jar;C:\Users\Admin\.m2\repository\org\springframework\boot\spring-boot-starter-security\2.7.3\spring-boot-starter-security-2.7.3.jar;C:\Users\Admin\.m2\repository\org\springframework\spring-aop\5.3.22\spring-aop-5.3.22.jar;C:\Users\Admin\.m2\repository\org\springframework\security\spring-security-config\5.7.3\spring-security-config-5.7.3.jar;C:\Users\Admin\.m2\repository\org\springframework\security\spring-security-web\5.7.3\spring-security-web-5.7.3.jar;C:\Users\Admin\.m2\repository\org\springframework\session\spring-session-core\2.7.0\spring-session-core-2.7.0.jar;C:\Users\Admin\.m2\repository\org\springframework\spring-jcl\5.3.22\spring-jcl-5.3.22.jar;C:\Users\Admin\.m2\repository\org\postgresql\postgresql\42.3.6\postgresql-42.3.6.jar;C:\Users\Admin\.m2\repository\org\checkerframework\checker-qual\3.5.0\checker-qual-3.5.0.jar;C:\Users\Admin\.m2\repository\org\projectlombok\lombok\1.18.24\lombok-1.18.24.jar;C:\Users\Admin\.m2\repository\io\jsonwebtoken\jjwt\0.9.1\jjwt-0.9.1.jar;C:\Users\Admin\.m2\repository\com\fasterxml\jackson\core\jackson-databind\2.13.3\jackson-databind-2.13.3.jar;C:\Users\Admin\.m2\repository\com\fasterxml\jackson\core\jackson-annotations\2.13.3\jackson-annotations-2.13.3.jar;C:\Users\Admin\.m2\repository\org\springframework\security\spring-security-core\5.7.3\spring-security-core-5.7.3.jar;C:\Users\Admin\.m2\repository\org\springframework\security\spring-security-crypto\5.7.3\spring-security-crypto-5.7.3.jar
Launcher Type: SUN_STANDARD

[Global flags]
     intx CICompilerCount                          = 4                                         {product} {ergonomic}
     uint ConcGCThreads                            = 2                                         {product} {ergonomic}
     uint G1ConcRefinementThreads                  = 8                                         {product} {ergonomic}
   size_t G1HeapRegionSize                         = 2097152                                   {product} {ergonomic}
    uintx GCDrainStackTargetSize                   = 64                                        {product} {ergonomic}
   size_t InitialHeapSize                          = 201326592                                 {product} {ergonomic}
     bool ManagementServer                         = true                                      {product} {command line}
   size_t MarkStackSize                            = 4194304                                   {product} {ergonomic}
   size_t MaxHeapSize                              = 3191865344                                {product} {ergonomic}
   size_t MaxNewSize                               = 1914699776                                {product} {ergonomic}
   size_t MinHeapDeltaBytes                        = 2097152                                   {product} {ergonomic}
   size_t MinHeapSize                              = 8388608                                   {product} {ergonomic}
    uintx NonProfiledCodeHeapSize                  = 0                                      {pd product} {ergonomic}
     bool ProfileInterpreter                       = false                                  {pd product} {command line}
    uintx ProfiledCodeHeapSize                     = 0                                      {pd product} {ergonomic}
   size_t SoftMaxHeapSize                          = 3191865344                             {manageable} {ergonomic}
     intx TieredStopAtLevel                        = 1                                         {product} {command line}
     bool UseCompressedClassPointers               = true                           {product lp64_product} {ergonomic}
     bool UseCompressedOops                        = true                           {product lp64_product} {ergonomic}
     bool UseG1GC                                  = true                                      {product} {ergonomic}
     bool UseLargePagesIndividualAllocation        = false                                  {pd product} {ergonomic}

Logging:
Log output configuration:
 #0: stdout all=warning uptime,level,tags foldmultilines=false
 #1: stderr all=off uptime,level,tags foldmultilines=false

Environment Variables:
JAVA_HOME=E:\Java - First Step\JAVADK
PATH=C:\Program Files\Common Files\Oracle\Java\javapath;C:\Windows\system32;C:\Windows;C:\Windows\System32\Wbem;C:\Windows\System32\WindowsPowerShell\v1.0\;C:\Windows\System32\OpenSSH\;C:\Users\Admin\Desktop\mingw64\bin;C:\Users\Admin\Desktop\mingw64\bin\g++.exe;C:\Users\Admin\Desktop\mingw64\bin;E:\runtime\win64;E:\bin;E:\polyspace\bin;E:\newpoly\runtime\win64;E:\newpoly\bin;E:\newpoly\polyspace\bin;C:\Program Files\dotnet\;C:\Program Files\mingw-w64\x86_64-8.1.0-posix-seh-rt_v6-rev0\mingw64\bin;C:\Program Files\Java\jdk-17.0.1\bin;C:\Program Files (x86)\VietPN;E:\MATLAB WORK\runtime\win64;E:\MATLAB WORK\bin;E:\MATLAB WORK\polyspace\bin;C:\Program Files (x86)\Calibre2\;";E:\Lap Trinh Android\Android Developer\platform-tools;E:\Lap Trinh Android\Android Developer\tools;E:\Lap Trinh Android\Android Developer\tools\bin";E:\KotLin\kotlin\kotlinc\bin;C:\Program Files\Git\cmd;E:\Learn Front-End\NodeJs\;C:\Program Files\Cloudflare\Cloudflare WARP\;C:\Program Files\Microsoft SQL Server\Client SDK\ODBC\170\Tools\Binn\;C:\Program Files (x86)\Microsoft SQL Server\150\Tools\Binn\;C:\Program Files\Microsoft SQL Server\150\Tools\Binn\;C:\Program Files\Microsoft SQL Server\150\DTS\Binn\;C:\Program Files (x86)\Microsoft SQL Server\150\DTS\Binn\;C:\Program Files\Azure Data Studio\bin;E:\Lap Trinh Android\Android Tools\cmdline-tools\bin;E:\Lap Trinh Android\Android Tools\cmdline-tools\bin\sdkmanager.bat;E:\Final Project\Lora Gatewat\Bitvise;E:\Java Wen\Intellji Java\IntelliJ IDE 2021.1.3\plugins\maven\lib\maven3\bin;C:\Users\Admin\AppData\Local\Microsoft\WindowsApps;C:\Users\Admin\AppData\Local\GitHubDesktop\bin;C:\Users\Admin\AppData\Local\atom\bin;C:\Users\Admin\AppData\Roaming\npm;C:\Users\Admin\Desktop\Java - First Step\IntelliJ IDEA Community Edition 2022.1\bin;;C:\Program Files\Azure Data Studio\bin;E:\Intellji\IntelliJ IDEA 2021.1\bin;;E:\Microsoft VS Code\bin;E:\NashTech\heroku\bin;E:\PyCharm Community Edition 2022.2\bin;
USERNAME=Admin
OS=Windows_NT
PROCESSOR_IDENTIFIER=Intel64 Family 6 Model 142 Stepping 10, GenuineIntel



---------------  S Y S T E M  ---------------

OS:
 Windows 10 , 64 bit Build 19041 (10.0.19041.1889)
OS uptime: 3 days 1:05 hours

CPU: total 8 (initial active 8) (4 cores per cpu, 2 threads per core) family 6 model 142 stepping 10 microcode 0xb4, cx8, cmov, fxsr, ht, mmx, 3dnowpref, sse, sse2, sse3, ssse3, sse4.1, sse4.2, popcnt, lzcnt, tsc, tscinvbit, avx, avx2, aes, erms, clmul, bmi1, bmi2, adx, fma, vzeroupper, clflush, clflushopt

Memory: 4k page, system-wide physical 12170M (590M free)
TotalPageFile size 18864M (AvailPageFile size 74M)
current process WorkingSet (physical memory assigned to process): 174M, peak: 174M
current process commit charge ("private bytes"): 217M, peak: 316M

vm_info: OpenJDK 64-Bit Server VM (18.0.1.1+2-6) for windows-amd64 JRE (18.0.1.1+2-6), built on Apr 25 2022 21:50:56 by "mach5one" with MS VC++ 16.8 / 16.9 (VS2019)

END.
