#
# There is insufficient memory for the Java Runtime Environment to continue.
# Native memory allocation (malloc) failed to allocate 1048576 bytes for AllocateHeap
# Possible reasons:
#   The system is out of physical RAM or swap space
#   The process is running with CompressedOops enabled, and the Java Heap may be blocking the growth of the native heap
# Possible solutions:
#   Reduce memory load on the system
#   Increase physical memory or swap space
#   Check if swap backing store is full
#   Decrease Java heap size (-Xmx/-Xms)
#   Decrease number of Java threads
#   Decrease Java thread stack sizes (-Xss)
#   Set larger code cache with -XX:ReservedCodeCacheSize=
#   JVM is running with Zero Based Compressed Oops mode in which the Java heap is
#     placed in the first 32GB address space. The Java Heap base address is the
#     maximum limit for the native heap growth. Please use -XX:HeapBaseMinAddress
#     to set the Java Heap base and to place the Java Heap above 32GB virtual address.
# This output file may be truncated or incomplete.
#
#  Out of Memory Error (./src/hotspot/share/memory/allocation.cpp:46), pid=16016, tid=13292
#
# JRE version: OpenJDK Runtime Environment JBR-11.0.10.9-1341.35-dcevm (11.0.10+9) (build 11.0.10+9-b1341.35)
# Java VM: Dynamic Code Evolution 64-Bit Server VM JBR-11.0.10.9-1341.35-dcevm (11.0.10+9-b1341.35, mixed mode, tiered, compressed oops, g1 gc, windows-amd64)
# No core dump will be written. Minidumps are not enabled by default on client versions of Windows
#

---------------  S U M M A R Y ------------

Command Line: org.jetbrains.git4idea.http.GitAskPassApp Username for 'https://github.com': 

Host: Intel(R) Core(TM) i5-8250U CPU @ 1.60GHz, 8 cores, 11G,  Windows 10 , 64 bit Build 19041 (10.0.19041.1889)
Time: Fri Sep 30 11:38:25 2022 SE Asia Standard Time elapsed time: 0.434082 seconds (0d 0h 0m 0s)

---------------  T H R E A D  ---------------

Current thread (0x000001b1637ed800):  VMThread "VM Thread" [stack: 0x000000916a100000,0x000000916a200000] [id=13292]

Stack: [0x000000916a100000,0x000000916a200000]
[error occurred during error reporting (printing stack bounds), id 0xc0000005, EXCEPTION_ACCESS_VIOLATION (0xc0000005) at pc=0x000001b14a910f2d]

Native frames: (J=compiled Java code, j=interpreted, Vv=VM code, C=native code)
V  [jvm.dll+0x5f84fa]
V  [jvm.dll+0x77e085]
V  [jvm.dll+0x77f5dd]
V  [jvm.dll+0x77fbf5]
V  [jvm.dll+0x77fbab]
V  [jvm.dll+0x5f7898]
V  [jvm.dll+0x5f8028]
C  [ntdll.dll+0xa235f]
C  [ntdll.dll+0x514a4]
C  [ntdll.dll+0xa0e8e]
C  0x000001b14a910f2d

VM_Operation (0x0000009169bfcab0): CollectForMetadataAllocation, mode: safepoint, requested by thread 0x000001b146cf5000


---------------  P R O C E S S  ---------------

Threads class SMR info:
_java_thread_list=0x000001b1641f2f90, length=10, elements={
0x000001b146cf5000, 0x000001b163ff5800, 0x000001b163ff8800, 0x000001b164077000,
0x000001b164078000, 0x000001b16407c800, 0x000001b164082800, 0x000001b164085800,
0x000001b164094800, 0x000001b16420b800
}

Java Threads: ( => current thread )
  0x000001b146cf5000 JavaThread "main" [_thread_blocked, id=7664, stack(0x0000009169b00000,0x0000009169c00000)]
  0x000001b163ff5800 JavaThread "Reference Handler" daemon [_thread_blocked, id=7892, stack(0x000000916a200000,0x000000916a300000)]
  0x000001b163ff8800 JavaThread "Finalizer" daemon [_thread_blocked, id=19748, stack(0x000000916a300000,0x000000916a400000)]
  0x000001b164077000 JavaThread "Signal Dispatcher" daemon [_thread_blocked, id=4352, stack(0x000000916a400000,0x000000916a500000)]
  0x000001b164078000 JavaThread "Attach Listener" daemon [_thread_blocked, id=22660, stack(0x000000916a500000,0x000000916a600000)]
  0x000001b16407c800 JavaThread "Service Thread" daemon [_thread_blocked, id=4404, stack(0x000000916a600000,0x000000916a700000)]
  0x000001b164082800 JavaThread "C2 CompilerThread0" daemon [_thread_blocked, id=20600, stack(0x000000916a700000,0x000000916a800000)]
  0x000001b164085800 JavaThread "C1 CompilerThread0" daemon [_thread_blocked, id=3508, stack(0x000000916a800000,0x000000916a900000)]
  0x000001b164094800 JavaThread "Sweeper thread" daemon [_thread_blocked, id=11700, stack(0x000000916a900000,0x000000916aa00000)]
  0x000001b16420b800 JavaThread "Common-Cleaner" daemon [_thread_blocked, id=16916, stack(0x000000916ab00000,0x000000916ac00000)]

Other Threads:
=>0x000001b1637ed800 VMThread "VM Thread" [stack: 0x000000916a100000,0x000000916a200000] [id=13292]
  0x000001b164203000 WatcherThread [stack: 0x000000916aa00000,0x000000916ab00000] [id=5696]
  0x000001b146d0c800 GCTaskThread "GC Thread#0" [stack: 0x0000009169c00000,0x0000009169d00000] [id=21628]
  0x000001b164541000 GCTaskThread "GC Thread#1" [stack: 0x000000916ac00000,0x000000916ad00000] [id=16972]
  0x000001b1643ee800 GCTaskThread "GC Thread#2" [stack: 0x000000916ad00000,0x000000916ae00000] [id=4704]
  0x000001b16454a800 GCTaskThread "GC Thread#3" [stack: 0x000000916ae00000,0x000000916af00000] [id=18576]
  0x000001b146d58000 ConcurrentGCThread "G1 Main Marker" [stack: 0x0000009169d00000,0x0000009169e00000] [id=18700]
  0x000001b146d59800 ConcurrentGCThread "G1 Conc#0" [stack: 0x0000009169e00000,0x0000009169f00000] [id=8752]
  0x000001b16455b800 ConcurrentGCThread "G1 Conc#1" [stack: 0x000000916af00000,0x000000916b000000] [id=2320]
  0x000001b146dce800 ConcurrentGCThread "G1 Refine#0" [stack: 0x0000009169f00000,0x000000916a000000] [id=7196]
  0x000001b163658800 ConcurrentGCThread "G1 Young RemSet Sampling" [stack: 0x000000916a000000,0x000000916a100000] [id=9416]

Threads with active compile tasks:

VM state:at safepoint (normal execution)

VM Mutex/Monitor currently owned by a thread:  ([mutex/lock_event])
[0x000001b146cefe30] Threads_lock - owner thread: 0x000001b1637ed800
[0x000001b146cf0c40] Heap_lock - owner thread: 0x000001b146cf5000

Heap address: 0x0000000741c00000, size: 3044 MB, Compressed Oops mode: Zero based, Oop shift amount: 3
Narrow klass base: 0x0000000800000000, Narrow klass shift: 0
Compressed class space size: 1073741824 Address: 0x0000000800000000

Heap:
 garbage-first heap   total 196608K, used 1570K [0x0000000741c00000, 0x0000000800000000)
  region size 1024K, 2 young (2048K), 2 survivors (2048K)
 Metaspace       used 7975K, capacity 8149K, committed 8320K, reserved 1071104K
  class space    used 730K, capacity 775K, committed 896K, reserved 1048576K
Heap Regions: E=young(eden), S=young(survivor), O=old, HS=humongous(starts), HC=humongous(continues), CS=collection set, F=free, A=archive, TAMS=top-at-mark-start (previous, next)
|   0|0x0000000741c00000, 0x0000000741c00000, 0x0000000741d00000|  0%| F|  |TAMS 0x0000000741c00000, 0x0000000741c00000| Untracked 
|   1|0x0000000741d00000, 0x0000000741d00000, 0x0000000741e00000|  0%| F|  |TAMS 0x0000000741d00000, 0x0000000741d00000| Untracked 
|   2|0x0000000741e00000, 0x0000000741e00000, 0x0000000741f00000|  0%| F|  |TAMS 0x0000000741e00000, 0x0000000741e00000| Untracked 
|   3|0x0000000741f00000, 0x0000000741f00000, 0x0000000742000000|  0%| F|  |TAMS 0x0000000741f00000, 0x0000000741f00000| Untracked 
|   4|0x0000000742000000, 0x0000000742000000, 0x0000000742100000|  0%| F|  |TAMS 0x0000000742000000, 0x0000000742000000| Untracked 
|   5|0x0000000742100000, 0x0000000742100000, 0x0000000742200000|  0%| F|  |TAMS 0x0000000742100000, 0x0000000742100000| Untracked 
|   6|0x0000000742200000, 0x0000000742200000, 0x0000000742300000|  0%| F|  |TAMS 0x0000000742200000, 0x0000000742200000| Untracked 
|   7|0x0000000742300000, 0x0000000742300000, 0x0000000742400000|  0%| F|  |TAMS 0x0000000742300000, 0x0000000742300000| Untracked 
|   8|0x0000000742400000, 0x0000000742400000, 0x0000000742500000|  0%| F|  |TAMS 0x0000000742400000, 0x0000000742400000| Untracked 
|   9|0x0000000742500000, 0x0000000742500000, 0x0000000742600000|  0%| F|  |TAMS 0x0000000742500000, 0x0000000742500000| Untracked 
|  10|0x0000000742600000, 0x0000000742600000, 0x0000000742700000|  0%| F|  |TAMS 0x0000000742600000, 0x0000000742600000| Untracked 
|  11|0x0000000742700000, 0x0000000742700000, 0x0000000742800000|  0%| F|  |TAMS 0x0000000742700000, 0x0000000742700000| Untracked 
|  12|0x0000000742800000, 0x0000000742800000, 0x0000000742900000|  0%| F|  |TAMS 0x0000000742800000, 0x0000000742800000| Untracked 
|  13|0x0000000742900000, 0x0000000742900000, 0x0000000742a00000|  0%| F|  |TAMS 0x0000000742900000, 0x0000000742900000| Untracked 
|  14|0x0000000742a00000, 0x0000000742a00000, 0x0000000742b00000|  0%| F|  |TAMS 0x0000000742a00000, 0x0000000742a00000| Untracked 
|  15|0x0000000742b00000, 0x0000000742b00000, 0x0000000742c00000|  0%| F|  |TAMS 0x0000000742b00000, 0x0000000742b00000| Untracked 
|  16|0x0000000742c00000, 0x0000000742c00000, 0x0000000742d00000|  0%| F|  |TAMS 0x0000000742c00000, 0x0000000742c00000| Untracked 
|  17|0x0000000742d00000, 0x0000000742d00000, 0x0000000742e00000|  0%| F|  |TAMS 0x0000000742d00000, 0x0000000742d00000| Untracked 
|  18|0x0000000742e00000, 0x0000000742e00000, 0x0000000742f00000|  0%| F|  |TAMS 0x0000000742e00000, 0x0000000742e00000| Untracked 
|  19|0x0000000742f00000, 0x0000000742f00000, 0x0000000743000000|  0%| F|  |TAMS 0x0000000742f00000, 0x0000000742f00000| Untracked 
|  20|0x0000000743000000, 0x0000000743000000, 0x0000000743100000|  0%| F|  |TAMS 0x0000000743000000, 0x0000000743000000| Untracked 
|  21|0x0000000743100000, 0x0000000743100000, 0x0000000743200000|  0%| F|  |TAMS 0x0000000743100000, 0x0000000743100000| Untracked 
|  22|0x0000000743200000, 0x0000000743200000, 0x0000000743300000|  0%| F|  |TAMS 0x0000000743200000, 0x0000000743200000| Untracked 
|  23|0x0000000743300000, 0x0000000743300000, 0x0000000743400000|  0%| F|  |TAMS 0x0000000743300000, 0x0000000743300000| Untracked 
|  24|0x0000000743400000, 0x0000000743400000, 0x0000000743500000|  0%| F|  |TAMS 0x0000000743400000, 0x0000000743400000| Untracked 
|  25|0x0000000743500000, 0x0000000743500000, 0x0000000743600000|  0%| F|  |TAMS 0x0000000743500000, 0x0000000743500000| Untracked 
|  26|0x0000000743600000, 0x0000000743600000, 0x0000000743700000|  0%| F|  |TAMS 0x0000000743600000, 0x0000000743600000| Untracked 
|  27|0x0000000743700000, 0x0000000743700000, 0x0000000743800000|  0%| F|  |TAMS 0x0000000743700000, 0x0000000743700000| Untracked 
|  28|0x0000000743800000, 0x0000000743800000, 0x0000000743900000|  0%| F|  |TAMS 0x0000000743800000, 0x0000000743800000| Untracked 
|  29|0x0000000743900000, 0x0000000743900000, 0x0000000743a00000|  0%| F|  |TAMS 0x0000000743900000, 0x0000000743900000| Untracked 
|  30|0x0000000743a00000, 0x0000000743a00000, 0x0000000743b00000|  0%| F|  |TAMS 0x0000000743a00000, 0x0000000743a00000| Untracked 
|  31|0x0000000743b00000, 0x0000000743b00000, 0x0000000743c00000|  0%| F|  |TAMS 0x0000000743b00000, 0x0000000743b00000| Untracked 
|  32|0x0000000743c00000, 0x0000000743c00000, 0x0000000743d00000|  0%| F|  |TAMS 0x0000000743c00000, 0x0000000743c00000| Untracked 
|  33|0x0000000743d00000, 0x0000000743d00000, 0x0000000743e00000|  0%| F|  |TAMS 0x0000000743d00000, 0x0000000743d00000| Untracked 
|  34|0x0000000743e00000, 0x0000000743e00000, 0x0000000743f00000|  0%| F|  |TAMS 0x0000000743e00000, 0x0000000743e00000| Untracked 
|  35|0x0000000743f00000, 0x0000000743f00000, 0x0000000744000000|  0%| F|  |TAMS 0x0000000743f00000, 0x0000000743f00000| Untracked 
|  36|0x0000000744000000, 0x0000000744000000, 0x0000000744100000|  0%| F|  |TAMS 0x0000000744000000, 0x0000000744000000| Untracked 
|  37|0x0000000744100000, 0x0000000744100000, 0x0000000744200000|  0%| F|  |TAMS 0x0000000744100000, 0x0000000744100000| Untracked 
|  38|0x0000000744200000, 0x0000000744200000, 0x0000000744300000|  0%| F|  |TAMS 0x0000000744200000, 0x0000000744200000| Untracked 
|  39|0x0000000744300000, 0x0000000744300000, 0x0000000744400000|  0%| F|  |TAMS 0x0000000744300000, 0x0000000744300000| Untracked 
|  40|0x0000000744400000, 0x0000000744400000, 0x0000000744500000|  0%| F|  |TAMS 0x0000000744400000, 0x0000000744400000| Untracked 
|  41|0x0000000744500000, 0x0000000744500000, 0x0000000744600000|  0%| F|  |TAMS 0x0000000744500000, 0x0000000744500000| Untracked 
|  42|0x0000000744600000, 0x0000000744600000, 0x0000000744700000|  0%| F|  |TAMS 0x0000000744600000, 0x0000000744600000| Untracked 
|  43|0x0000000744700000, 0x0000000744700000, 0x0000000744800000|  0%| F|  |TAMS 0x0000000744700000, 0x0000000744700000| Untracked 
|  44|0x0000000744800000, 0x0000000744800000, 0x0000000744900000|  0%| F|  |TAMS 0x0000000744800000, 0x0000000744800000| Untracked 
|  45|0x0000000744900000, 0x0000000744900000, 0x0000000744a00000|  0%| F|  |TAMS 0x0000000744900000, 0x0000000744900000| Untracked 
|  46|0x0000000744a00000, 0x0000000744a00000, 0x0000000744b00000|  0%| F|  |TAMS 0x0000000744a00000, 0x0000000744a00000| Untracked 
|  47|0x0000000744b00000, 0x0000000744b00000, 0x0000000744c00000|  0%| F|  |TAMS 0x0000000744b00000, 0x0000000744b00000| Untracked 
|  48|0x0000000744c00000, 0x0000000744c00000, 0x0000000744d00000|  0%| F|  |TAMS 0x0000000744c00000, 0x0000000744c00000| Untracked 
|  49|0x0000000744d00000, 0x0000000744d00000, 0x0000000744e00000|  0%| F|  |TAMS 0x0000000744d00000, 0x0000000744d00000| Untracked 
|  50|0x0000000744e00000, 0x0000000744e00000, 0x0000000744f00000|  0%| F|  |TAMS 0x0000000744e00000, 0x0000000744e00000| Untracked 
|  51|0x0000000744f00000, 0x0000000744f00000, 0x0000000745000000|  0%| F|  |TAMS 0x0000000744f00000, 0x0000000744f00000| Untracked 
|  52|0x0000000745000000, 0x0000000745000000, 0x0000000745100000|  0%| F|  |TAMS 0x0000000745000000, 0x0000000745000000| Untracked 
|  53|0x0000000745100000, 0x0000000745100000, 0x0000000745200000|  0%| F|  |TAMS 0x0000000745100000, 0x0000000745100000| Untracked 
|  54|0x0000000745200000, 0x0000000745200000, 0x0000000745300000|  0%| F|  |TAMS 0x0000000745200000, 0x0000000745200000| Untracked 
|  55|0x0000000745300000, 0x0000000745300000, 0x0000000745400000|  0%| F|  |TAMS 0x0000000745300000, 0x0000000745300000| Untracked 
|  56|0x0000000745400000, 0x0000000745400000, 0x0000000745500000|  0%| F|  |TAMS 0x0000000745400000, 0x0000000745400000| Untracked 
|  57|0x0000000745500000, 0x0000000745500000, 0x0000000745600000|  0%| F|  |TAMS 0x0000000745500000, 0x0000000745500000| Untracked 
|  58|0x0000000745600000, 0x0000000745600000, 0x0000000745700000|  0%| F|  |TAMS 0x0000000745600000, 0x0000000745600000| Untracked 
|  59|0x0000000745700000, 0x0000000745700000, 0x0000000745800000|  0%| F|  |TAMS 0x0000000745700000, 0x0000000745700000| Untracked 
|  60|0x0000000745800000, 0x0000000745800000, 0x0000000745900000|  0%| F|  |TAMS 0x0000000745800000, 0x0000000745800000| Untracked 
|  61|0x0000000745900000, 0x0000000745900000, 0x0000000745a00000|  0%| F|  |TAMS 0x0000000745900000, 0x0000000745900000| Untracked 
|  62|0x0000000745a00000, 0x0000000745a00000, 0x0000000745b00000|  0%| F|  |TAMS 0x0000000745a00000, 0x0000000745a00000| Untracked 
|  63|0x0000000745b00000, 0x0000000745b00000, 0x0000000745c00000|  0%| F|  |TAMS 0x0000000745b00000, 0x0000000745b00000| Untracked 
|  64|0x0000000745c00000, 0x0000000745c00000, 0x0000000745d00000|  0%| F|  |TAMS 0x0000000745c00000, 0x0000000745c00000| Untracked 
|  65|0x0000000745d00000, 0x0000000745d00000, 0x0000000745e00000|  0%| F|  |TAMS 0x0000000745d00000, 0x0000000745d00000| Untracked 
|  66|0x0000000745e00000, 0x0000000745e00000, 0x0000000745f00000|  0%| F|  |TAMS 0x0000000745e00000, 0x0000000745e00000| Untracked 
|  67|0x0000000745f00000, 0x0000000745f00000, 0x0000000746000000|  0%| F|  |TAMS 0x0000000745f00000, 0x0000000745f00000| Untracked 
|  68|0x0000000746000000, 0x0000000746000000, 0x0000000746100000|  0%| F|  |TAMS 0x0000000746000000, 0x0000000746000000| Untracked 
|  69|0x0000000746100000, 0x0000000746100000, 0x0000000746200000|  0%| F|  |TAMS 0x0000000746100000, 0x0000000746100000| Untracked 
|  70|0x0000000746200000, 0x0000000746200000, 0x0000000746300000|  0%| F|  |TAMS 0x0000000746200000, 0x0000000746200000| Untracked 
|  71|0x0000000746300000, 0x0000000746300000, 0x0000000746400000|  0%| F|  |TAMS 0x0000000746300000, 0x0000000746300000| Untracked 
|  72|0x0000000746400000, 0x0000000746400000, 0x0000000746500000|  0%| F|  |TAMS 0x0000000746400000, 0x0000000746400000| Untracked 
|  73|0x0000000746500000, 0x0000000746500000, 0x0000000746600000|  0%| F|  |TAMS 0x0000000746500000, 0x0000000746500000| Untracked 
|  74|0x0000000746600000, 0x0000000746600000, 0x0000000746700000|  0%| F|  |TAMS 0x0000000746600000, 0x0000000746600000| Untracked 
|  75|0x0000000746700000, 0x0000000746700000, 0x0000000746800000|  0%| F|  |TAMS 0x0000000746700000, 0x0000000746700000| Untracked 
|  76|0x0000000746800000, 0x0000000746800000, 0x0000000746900000|  0%| F|  |TAMS 0x0000000746800000, 0x0000000746800000| Untracked 
|  77|0x0000000746900000, 0x0000000746900000, 0x0000000746a00000|  0%| F|  |TAMS 0x0000000746900000, 0x0000000746900000| Untracked 
|  78|0x0000000746a00000, 0x0000000746a00000, 0x0000000746b00000|  0%| F|  |TAMS 0x0000000746a00000, 0x0000000746a00000| Untracked 
|  79|0x0000000746b00000, 0x0000000746b00000, 0x0000000746c00000|  0%| F|  |TAMS 0x0000000746b00000, 0x0000000746b00000| Untracked 
|  80|0x0000000746c00000, 0x0000000746c00000, 0x0000000746d00000|  0%| F|  |TAMS 0x0000000746c00000, 0x0000000746c00000| Untracked 
|  81|0x0000000746d00000, 0x0000000746d00000, 0x0000000746e00000|  0%| F|  |TAMS 0x0000000746d00000, 0x0000000746d00000| Untracked 
|  82|0x0000000746e00000, 0x0000000746e00000, 0x0000000746f00000|  0%| F|  |TAMS 0x0000000746e00000, 0x0000000746e00000| Untracked 
|  83|0x0000000746f00000, 0x0000000746f00000, 0x0000000747000000|  0%| F|  |TAMS 0x0000000746f00000, 0x0000000746f00000| Untracked 
|  84|0x0000000747000000, 0x0000000747000000, 0x0000000747100000|  0%| F|  |TAMS 0x0000000747000000, 0x0000000747000000| Untracked 
|  85|0x0000000747100000, 0x0000000747100000, 0x0000000747200000|  0%| F|  |TAMS 0x0000000747100000, 0x0000000747100000| Untracked 
|  86|0x0000000747200000, 0x0000000747200000, 0x0000000747300000|  0%| F|  |TAMS 0x0000000747200000, 0x0000000747200000| Untracked 
|  87|0x0000000747300000, 0x0000000747300000, 0x0000000747400000|  0%| F|  |TAMS 0x0000000747300000, 0x0000000747300000| Untracked 
|  88|0x0000000747400000, 0x0000000747400000, 0x0000000747500000|  0%| F|  |TAMS 0x0000000747400000, 0x0000000747400000| Untracked 
|  89|0x0000000747500000, 0x0000000747500000, 0x0000000747600000|  0%| F|  |TAMS 0x0000000747500000, 0x0000000747500000| Untracked 
|  90|0x0000000747600000, 0x0000000747600000, 0x0000000747700000|  0%| F|  |TAMS 0x0000000747600000, 0x0000000747600000| Untracked 
|  91|0x0000000747700000, 0x0000000747700000, 0x0000000747800000|  0%| F|  |TAMS 0x0000000747700000, 0x0000000747700000| Untracked 
|  92|0x0000000747800000, 0x0000000747800000, 0x0000000747900000|  0%| F|  |TAMS 0x0000000747800000, 0x0000000747800000| Untracked 
|  93|0x0000000747900000, 0x0000000747900000, 0x0000000747a00000|  0%| F|  |TAMS 0x0000000747900000, 0x0000000747900000| Untracked 
|  94|0x0000000747a00000, 0x0000000747a00000, 0x0000000747b00000|  0%| F|  |TAMS 0x0000000747a00000, 0x0000000747a00000| Untracked 
|  95|0x0000000747b00000, 0x0000000747b00000, 0x0000000747c00000|  0%| F|  |TAMS 0x0000000747b00000, 0x0000000747b00000| Untracked 
|  96|0x0000000747c00000, 0x0000000747c00000, 0x0000000747d00000|  0%| F|  |TAMS 0x0000000747c00000, 0x0000000747c00000| Untracked 
|  97|0x0000000747d00000, 0x0000000747d00000, 0x0000000747e00000|  0%| F|  |TAMS 0x0000000747d00000, 0x0000000747d00000| Untracked 
|  98|0x0000000747e00000, 0x0000000747e00000, 0x0000000747f00000|  0%| F|  |TAMS 0x0000000747e00000, 0x0000000747e00000| Untracked 
|  99|0x0000000747f00000, 0x0000000747f00000, 0x0000000748000000|  0%| F|  |TAMS 0x0000000747f00000, 0x0000000747f00000| Untracked 
| 100|0x0000000748000000, 0x0000000748000000, 0x0000000748100000|  0%| F|  |TAMS 0x0000000748000000, 0x0000000748000000| Untracked 
| 101|0x0000000748100000, 0x0000000748100000, 0x0000000748200000|  0%| F|  |TAMS 0x0000000748100000, 0x0000000748100000| Untracked 
| 102|0x0000000748200000, 0x0000000748200000, 0x0000000748300000|  0%| F|  |TAMS 0x0000000748200000, 0x0000000748200000| Untracked 
| 103|0x0000000748300000, 0x0000000748300000, 0x0000000748400000|  0%| F|  |TAMS 0x0000000748300000, 0x0000000748300000| Untracked 
| 104|0x0000000748400000, 0x0000000748400000, 0x0000000748500000|  0%| F|  |TAMS 0x0000000748400000, 0x0000000748400000| Untracked 
| 105|0x0000000748500000, 0x0000000748500000, 0x0000000748600000|  0%| F|  |TAMS 0x0000000748500000, 0x0000000748500000| Untracked 
| 106|0x0000000748600000, 0x0000000748600000, 0x0000000748700000|  0%| F|  |TAMS 0x0000000748600000, 0x0000000748600000| Untracked 
| 107|0x0000000748700000, 0x0000000748700000, 0x0000000748800000|  0%| F|  |TAMS 0x0000000748700000, 0x0000000748700000| Untracked 
| 108|0x0000000748800000, 0x0000000748800000, 0x0000000748900000|  0%| F|  |TAMS 0x0000000748800000, 0x0000000748800000| Untracked 
| 109|0x0000000748900000, 0x0000000748900000, 0x0000000748a00000|  0%| F|  |TAMS 0x0000000748900000, 0x0000000748900000| Untracked 
| 110|0x0000000748a00000, 0x0000000748a00000, 0x0000000748b00000|  0%| F|  |TAMS 0x0000000748a00000, 0x0000000748a00000| Untracked 
| 111|0x0000000748b00000, 0x0000000748b00000, 0x0000000748c00000|  0%| F|  |TAMS 0x0000000748b00000, 0x0000000748b00000| Untracked 
| 112|0x0000000748c00000, 0x0000000748c00000, 0x0000000748d00000|  0%| F|  |TAMS 0x0000000748c00000, 0x0000000748c00000| Untracked 
| 113|0x0000000748d00000, 0x0000000748d00000, 0x0000000748e00000|  0%| F|  |TAMS 0x0000000748d00000, 0x0000000748d00000| Untracked 
| 114|0x0000000748e00000, 0x0000000748e00000, 0x0000000748f00000|  0%| F|  |TAMS 0x0000000748e00000, 0x0000000748e00000| Untracked 
| 115|0x0000000748f00000, 0x0000000748f00000, 0x0000000749000000|  0%| F|  |TAMS 0x0000000748f00000, 0x0000000748f00000| Untracked 
| 116|0x0000000749000000, 0x0000000749000000, 0x0000000749100000|  0%| F|  |TAMS 0x0000000749000000, 0x0000000749000000| Untracked 
| 117|0x0000000749100000, 0x0000000749100000, 0x0000000749200000|  0%| F|  |TAMS 0x0000000749100000, 0x0000000749100000| Untracked 
| 118|0x0000000749200000, 0x0000000749200000, 0x0000000749300000|  0%| F|  |TAMS 0x0000000749200000, 0x0000000749200000| Untracked 
| 119|0x0000000749300000, 0x0000000749300000, 0x0000000749400000|  0%| F|  |TAMS 0x0000000749300000, 0x0000000749300000| Untracked 
| 120|0x0000000749400000, 0x0000000749400000, 0x0000000749500000|  0%| F|  |TAMS 0x0000000749400000, 0x0000000749400000| Untracked 
| 121|0x0000000749500000, 0x0000000749500000, 0x0000000749600000|  0%| F|  |TAMS 0x0000000749500000, 0x0000000749500000| Untracked 
| 122|0x0000000749600000, 0x0000000749600000, 0x0000000749700000|  0%| F|  |TAMS 0x0000000749600000, 0x0000000749600000| Untracked 
| 123|0x0000000749700000, 0x0000000749700000, 0x0000000749800000|  0%| F|  |TAMS 0x0000000749700000, 0x0000000749700000| Untracked 
| 124|0x0000000749800000, 0x0000000749800000, 0x0000000749900000|  0%| F|  |TAMS 0x0000000749800000, 0x0000000749800000| Untracked 
| 125|0x0000000749900000, 0x0000000749900000, 0x0000000749a00000|  0%| F|  |TAMS 0x0000000749900000, 0x0000000749900000| Untracked 
| 126|0x0000000749a00000, 0x0000000749a00000, 0x0000000749b00000|  0%| F|  |TAMS 0x0000000749a00000, 0x0000000749a00000| Untracked 
| 127|0x0000000749b00000, 0x0000000749b00000, 0x0000000749c00000|  0%| F|  |TAMS 0x0000000749b00000, 0x0000000749b00000| Untracked 
| 128|0x0000000749c00000, 0x0000000749c00000, 0x0000000749d00000|  0%| F|  |TAMS 0x0000000749c00000, 0x0000000749c00000| Untracked 
| 129|0x0000000749d00000, 0x0000000749d00000, 0x0000000749e00000|  0%| F|  |TAMS 0x0000000749d00000, 0x0000000749d00000| Untracked 
| 130|0x0000000749e00000, 0x0000000749e00000, 0x0000000749f00000|  0%| F|  |TAMS 0x0000000749e00000, 0x0000000749e00000| Untracked 
| 131|0x0000000749f00000, 0x0000000749f00000, 0x000000074a000000|  0%| F|  |TAMS 0x0000000749f00000, 0x0000000749f00000| Untracked 
| 132|0x000000074a000000, 0x000000074a000000, 0x000000074a100000|  0%| F|  |TAMS 0x000000074a000000, 0x000000074a000000| Untracked 
| 133|0x000000074a100000, 0x000000074a100000, 0x000000074a200000|  0%| F|  |TAMS 0x000000074a100000, 0x000000074a100000| Untracked 
| 134|0x000000074a200000, 0x000000074a200000, 0x000000074a300000|  0%| F|  |TAMS 0x000000074a200000, 0x000000074a200000| Untracked 
| 135|0x000000074a300000, 0x000000074a300000, 0x000000074a400000|  0%| F|  |TAMS 0x000000074a300000, 0x000000074a300000| Untracked 
| 136|0x000000074a400000, 0x000000074a400000, 0x000000074a500000|  0%| F|  |TAMS 0x000000074a400000, 0x000000074a400000| Untracked 
| 137|0x000000074a500000, 0x000000074a500000, 0x000000074a600000|  0%| F|  |TAMS 0x000000074a500000, 0x000000074a500000| Untracked 
| 138|0x000000074a600000, 0x000000074a600000, 0x000000074a700000|  0%| F|  |TAMS 0x000000074a600000, 0x000000074a600000| Untracked 
| 139|0x000000074a700000, 0x000000074a700000, 0x000000074a800000|  0%| F|  |TAMS 0x000000074a700000, 0x000000074a700000| Untracked 
| 140|0x000000074a800000, 0x000000074a800000, 0x000000074a900000|  0%| F|  |TAMS 0x000000074a800000, 0x000000074a800000| Untracked 
| 141|0x000000074a900000, 0x000000074a900000, 0x000000074aa00000|  0%| F|  |TAMS 0x000000074a900000, 0x000000074a900000| Untracked 
| 142|0x000000074aa00000, 0x000000074aa00000, 0x000000074ab00000|  0%| F|  |TAMS 0x000000074aa00000, 0x000000074aa00000| Untracked 
| 143|0x000000074ab00000, 0x000000074ab00000, 0x000000074ac00000|  0%| F|  |TAMS 0x000000074ab00000, 0x000000074ab00000| Untracked 
| 144|0x000000074ac00000, 0x000000074ac00000, 0x000000074ad00000|  0%| F|  |TAMS 0x000000074ac00000, 0x000000074ac00000| Untracked 
| 145|0x000000074ad00000, 0x000000074ad00000, 0x000000074ae00000|  0%| F|  |TAMS 0x000000074ad00000, 0x000000074ad00000| Untracked 
| 146|0x000000074ae00000, 0x000000074ae00000, 0x000000074af00000|  0%| F|  |TAMS 0x000000074ae00000, 0x000000074ae00000| Untracked 
| 147|0x000000074af00000, 0x000000074af00000, 0x000000074b000000|  0%| F|  |TAMS 0x000000074af00000, 0x000000074af00000| Untracked 
| 148|0x000000074b000000, 0x000000074b000000, 0x000000074b100000|  0%| F|  |TAMS 0x000000074b000000, 0x000000074b000000| Untracked 
| 149|0x000000074b100000, 0x000000074b100000, 0x000000074b200000|  0%| F|  |TAMS 0x000000074b100000, 0x000000074b100000| Untracked 
| 150|0x000000074b200000, 0x000000074b200000, 0x000000074b300000|  0%| F|  |TAMS 0x000000074b200000, 0x000000074b200000| Untracked 
| 151|0x000000074b300000, 0x000000074b300000, 0x000000074b400000|  0%| F|  |TAMS 0x000000074b300000, 0x000000074b300000| Untracked 
| 152|0x000000074b400000, 0x000000074b400000, 0x000000074b500000|  0%| F|  |TAMS 0x000000074b400000, 0x000000074b400000| Untracked 
| 153|0x000000074b500000, 0x000000074b500000, 0x000000074b600000|  0%| F|  |TAMS 0x000000074b500000, 0x000000074b500000| Untracked 
| 154|0x000000074b600000, 0x000000074b600000, 0x000000074b700000|  0%| F|  |TAMS 0x000000074b600000, 0x000000074b600000| Untracked 
| 155|0x000000074b700000, 0x000000074b700000, 0x000000074b800000|  0%| F|  |TAMS 0x000000074b700000, 0x000000074b700000| Untracked 
| 156|0x000000074b800000, 0x000000074b800000, 0x000000074b900000|  0%| F|  |TAMS 0x000000074b800000, 0x000000074b800000| Untracked 
| 157|0x000000074b900000, 0x000000074b900000, 0x000000074ba00000|  0%| F|  |TAMS 0x000000074b900000, 0x000000074b900000| Untracked 
| 158|0x000000074ba00000, 0x000000074ba00000, 0x000000074bb00000|  0%| F|  |TAMS 0x000000074ba00000, 0x000000074ba00000| Untracked 
| 159|0x000000074bb00000, 0x000000074bb00000, 0x000000074bc00000|  0%| F|  |TAMS 0x000000074bb00000, 0x000000074bb00000| Untracked 
| 160|0x000000074bc00000, 0x000000074bc00000, 0x000000074bd00000|  0%| F|  |TAMS 0x000000074bc00000, 0x000000074bc00000| Untracked 
| 161|0x000000074bd00000, 0x000000074bd00000, 0x000000074be00000|  0%| F|  |TAMS 0x000000074bd00000, 0x000000074bd00000| Untracked 
| 162|0x000000074be00000, 0x000000074be00000, 0x000000074bf00000|  0%| F|  |TAMS 0x000000074be00000, 0x000000074be00000| Untracked 
| 163|0x000000074bf00000, 0x000000074bf00000, 0x000000074c000000|  0%| F|  |TAMS 0x000000074bf00000, 0x000000074bf00000| Untracked 
| 164|0x000000074c000000, 0x000000074c000000, 0x000000074c100000|  0%| F|  |TAMS 0x000000074c000000, 0x000000074c000000| Untracked 
| 165|0x000000074c100000, 0x000000074c100000, 0x000000074c200000|  0%| F|  |TAMS 0x000000074c100000, 0x000000074c100000| Untracked 
| 166|0x000000074c200000, 0x000000074c200000, 0x000000074c300000|  0%| F|  |TAMS 0x000000074c200000, 0x000000074c200000| Untracked 
| 167|0x000000074c300000, 0x000000074c300000, 0x000000074c400000|  0%| F|  |TAMS 0x000000074c300000, 0x000000074c300000| Untracked 
| 168|0x000000074c400000, 0x000000074c400000, 0x000000074c500000|  0%| F|  |TAMS 0x000000074c400000, 0x000000074c400000| Untracked 
| 169|0x000000074c500000, 0x000000074c500000, 0x000000074c600000|  0%| F|  |TAMS 0x000000074c500000, 0x000000074c500000| Untracked 
| 170|0x000000074c600000, 0x000000074c600000, 0x000000074c700000|  0%| F|  |TAMS 0x000000074c600000, 0x000000074c600000| Untracked 
| 171|0x000000074c700000, 0x000000074c700000, 0x000000074c800000|  0%| F|  |TAMS 0x000000074c700000, 0x000000074c700000| Untracked 
| 172|0x000000074c800000, 0x000000074c800000, 0x000000074c900000|  0%| F|  |TAMS 0x000000074c800000, 0x000000074c800000| Untracked 
| 173|0x000000074c900000, 0x000000074c900000, 0x000000074ca00000|  0%| F|  |TAMS 0x000000074c900000, 0x000000074c900000| Untracked 
| 174|0x000000074ca00000, 0x000000074ca00000, 0x000000074cb00000|  0%| F|  |TAMS 0x000000074ca00000, 0x000000074ca00000| Untracked 
| 175|0x000000074cb00000, 0x000000074cb00000, 0x000000074cc00000|  0%| F|  |TAMS 0x000000074cb00000, 0x000000074cb00000| Untracked 
| 176|0x000000074cc00000, 0x000000074cc00000, 0x000000074cd00000|  0%| F|  |TAMS 0x000000074cc00000, 0x000000074cc00000| Untracked 
| 177|0x000000074cd00000, 0x000000074cd00000, 0x000000074ce00000|  0%| F|  |TAMS 0x000000074cd00000, 0x000000074cd00000| Untracked 
| 178|0x000000074ce00000, 0x000000074ce00000, 0x000000074cf00000|  0%| F|  |TAMS 0x000000074ce00000, 0x000000074ce00000| Untracked 
| 179|0x000000074cf00000, 0x000000074cf00000, 0x000000074d000000|  0%| F|  |TAMS 0x000000074cf00000, 0x000000074cf00000| Untracked 
| 180|0x000000074d000000, 0x000000074d000000, 0x000000074d100000|  0%| F|  |TAMS 0x000000074d000000, 0x000000074d000000| Untracked 
| 181|0x000000074d100000, 0x000000074d100000, 0x000000074d200000|  0%| F|  |TAMS 0x000000074d100000, 0x000000074d100000| Untracked 
| 182|0x000000074d200000, 0x000000074d200000, 0x000000074d300000|  0%| F|  |TAMS 0x000000074d200000, 0x000000074d200000| Untracked 
| 183|0x000000074d300000, 0x000000074d300000, 0x000000074d400000|  0%| F|  |TAMS 0x000000074d300000, 0x000000074d300000| Untracked 
| 184|0x000000074d400000, 0x000000074d4888a8, 0x000000074d500000| 53%| S|CS|TAMS 0x000000074d400000, 0x000000074d400000| Complete 
| 185|0x000000074d500000, 0x000000074d600000, 0x000000074d600000|100%| S|CS|TAMS 0x000000074d500000, 0x000000074d500000| Complete 
| 186|0x000000074d600000, 0x000000074d600000, 0x000000074d700000|  0%| F|  |TAMS 0x000000074d600000, 0x000000074d600000| Untracked 
| 187|0x000000074d700000, 0x000000074d700000, 0x000000074d800000|  0%| F|  |TAMS 0x000000074d700000, 0x000000074d700000| Untracked 
| 188|0x000000074d800000, 0x000000074d800000, 0x000000074d900000|  0%| F|  |TAMS 0x000000074d800000, 0x000000074d800000| Untracked 
| 189|0x000000074d900000, 0x000000074d900000, 0x000000074da00000|  0%| F|  |TAMS 0x000000074d900000, 0x000000074d900000| Untracked 
| 190|0x000000074da00000, 0x000000074da00000, 0x000000074db00000|  0%| F|  |TAMS 0x000000074da00000, 0x000000074da00000| Untracked 
| 191|0x000000074db00000, 0x000000074db00000, 0x000000074dc00000|  0%| F|  |TAMS 0x000000074db00000, 0x000000074db00000| Untracked 

Card table byte_map: [0x000001b15a240000,0x000001b15a840000] _byte_map_base: 0x000001b156832000

Marking Bits (Prev, Next): (CMBitMap*) 0x000001b146d4a318, (CMBitMap*) 0x000001b146d4a350
 Prev Bits: [0x000001b15ae40000, 0x000001b15ddd0000)
 Next Bits: [0x000001b15ddd0000, 0x000001b160d60000)

Polling page: 0x000001b144c40000

Metaspace:

Usage:
  Non-class:      7.20 MB capacity,     7.07 MB ( 98%) used,   123.18 KB (  2%) free+waste,     6.19 KB ( <1%) overhead. 
      Class:    775.00 KB capacity,   730.72 KB ( 94%) used,    41.66 KB (  5%) free+waste,     2.63 KB ( <1%) overhead. 
       Both:      7.96 MB capacity,     7.79 MB ( 98%) used,   164.84 KB (  2%) free+waste,     8.81 KB ( <1%) overhead. 

Virtual space:
  Non-class space:       22.00 MB reserved,       7.25 MB ( 33%) committed 
      Class space:        1.00 GB reserved,     896.00 KB ( <1%) committed 
             Both:        1.02 GB reserved,       8.13 MB ( <1%) committed 

Chunk freelists:
   Non-Class:  50.00 KB
       Class:  25.00 KB
        Both:  75.00 KB

MaxMetaspaceSize: 17179869184.00 GB
CompressedClassSpaceSize: 1.00 GB

CodeHeap 'non-profiled nmethods': size=120000Kb used=90Kb max_used=90Kb free=119910Kb
 bounds [0x000001b1523e0000, 0x000001b152650000, 0x000001b159910000]
CodeHeap 'profiled nmethods': size=120000Kb used=551Kb max_used=551Kb free=119448Kb
 bounds [0x000001b14aeb0000, 0x000001b14b120000, 0x000001b1523e0000]
CodeHeap 'non-nmethods': size=5760Kb used=1073Kb max_used=1084Kb free=4686Kb
 bounds [0x000001b14a910000, 0x000001b14ab80000, 0x000001b14aeb0000]
 total_blobs=732 nmethods=366 adapters=278
 compilation: enabled
              stopped_count=0, restarted_count=0
 full_count=0

Compilation events (20 events):
Event: 0.416 Thread 0x000001b164085800  357       3       java.lang.String::charAt (25 bytes)
Event: 0.416 Thread 0x000001b164082800  358       4       java.lang.StringLatin1::charAt (28 bytes)
Event: 0.416 Thread 0x000001b164085800 nmethod 357 0x000001b14af37710 code [0x000001b14af37920, 0x000001b14af37e38]
Event: 0.416 Thread 0x000001b164085800  359       3       java.lang.ref.WeakReference::<init> (7 bytes)
Event: 0.416 Thread 0x000001b164085800 nmethod 359 0x000001b14af38090 code [0x000001b14af38260, 0x000001b14af38538]
Event: 0.416 Thread 0x000001b164082800 nmethod 358 0x000001b1523f5f10 code [0x000001b1523f60a0, 0x000001b1523f6138]
Event: 0.417 Thread 0x000001b164085800  360       1       java.util.ArrayList::size (5 bytes)
Event: 0.417 Thread 0x000001b164085800 nmethod 360 0x000001b1523f6210 code [0x000001b1523f63c0, 0x000001b1523f6478]
Event: 0.418 Thread 0x000001b164085800  361       1       java.net.URL::getProtocol (5 bytes)
Event: 0.418 Thread 0x000001b164085800 nmethod 361 0x000001b1523f6510 code [0x000001b1523f66c0, 0x000001b1523f6778]
Event: 0.419 Thread 0x000001b164085800  362       3       java.util.zip.ZipFile$Source::getEntryHash (7 bytes)
Event: 0.419 Thread 0x000001b164085800 nmethod 362 0x000001b14af38610 code [0x000001b14af387c0, 0x000001b14af388f8]
Event: 0.420 Thread 0x000001b164085800  363       3       java.nio.ByteBuffer::position (8 bytes)
Event: 0.420 Thread 0x000001b164085800 nmethod 363 0x000001b14af38a10 code [0x000001b14af38bc0, 0x000001b14af38d08]
Event: 0.420 Thread 0x000001b164085800  364       3       java.nio.Buffer::limit (65 bytes)
Event: 0.421 Thread 0x000001b164085800 nmethod 364 0x000001b14af38d90 code [0x000001b14af38f60, 0x000001b14af39208]
Event: 0.421 Thread 0x000001b164085800  365       3       java.nio.ByteBuffer::arrayOffset (35 bytes)
Event: 0.421 Thread 0x000001b164085800 nmethod 365 0x000001b14af39310 code [0x000001b14af394e0, 0x000001b14af39758]
Event: 0.421 Thread 0x000001b164085800  366       3       java.nio.CharBuffer::arrayOffset (35 bytes)
Event: 0.421 Thread 0x000001b164085800 nmethod 366 0x000001b14af39890 code [0x000001b14af39a60, 0x000001b14af39cd8]

GC Heap History (2 events):
Event: 0.424 GC heap before
{Heap before GC invocations=0 (full 0):
 garbage-first heap   total 196608K, used 5120K [0x0000000741c00000, 0x0000000800000000)
  region size 1024K, 6 young (6144K), 0 survivors (0K)
 Metaspace       used 7975K, capacity 8149K, committed 8320K, reserved 1069056K
  class space    used 730K, capacity 775K, committed 896K, reserved 1048576K
}
Event: 0.429 GC heap after
{Heap after GC invocations=1 (full 0):
 garbage-first heap   total 196608K, used 1570K [0x0000000741c00000, 0x0000000800000000)
  region size 1024K, 2 young (2048K), 2 survivors (2048K)
 Metaspace       used 7975K, capacity 8149K, committed 8320K, reserved 1069056K
  class space    used 730K, capacity 775K, committed 896K, reserved 1048576K
}

Deoptimization events (8 events):
Event: 0.254 Thread 0x000001b146cf5000 Uncommon trap: trap_request=0xffffff4d fr.pc=0x000001b1523e3f0c relative=0x00000000000001ec
Event: 0.254 Thread 0x000001b146cf5000 Uncommon trap: reason=unstable_if action=reinterpret pc=0x000001b1523e3f0c method=java.lang.String.hashCode()I @ 14 c2
Event: 0.254 Thread 0x000001b146cf5000 DEOPT PACKING pc=0x000001b1523e3f0c sp=0x0000009169bfd520
Event: 0.254 Thread 0x000001b146cf5000 DEOPT UNPACKING pc=0x000001b14a937b2f sp=0x0000009169bfd4b8 mode 2
Event: 0.413 Thread 0x000001b146cf5000 Uncommon trap: trap_request=0xffffff4d fr.pc=0x000001b1523e4d34 relative=0x0000000000000074
Event: 0.413 Thread 0x000001b146cf5000 Uncommon trap: reason=unstable_if action=reinterpret pc=0x000001b1523e4d34 method=java.lang.String.isLatin1()Z @ 10 c2
Event: 0.413 Thread 0x000001b146cf5000 DEOPT PACKING pc=0x000001b1523e4d34 sp=0x0000009169bfe070
Event: 0.413 Thread 0x000001b146cf5000 DEOPT UNPACKING pc=0x000001b14a937b2f sp=0x0000009169bfdfb0 mode 2

Classes redefined (0 events):
No events

Internal exceptions (0 events):
No events

Events (20 events):
Event: 0.422 loading class java/net/InetAddress$2
Event: 0.422 loading class jdk/internal/misc/JavaNetInetAddressAccess
Event: 0.422 loading class jdk/internal/misc/JavaNetInetAddressAccess done
Event: 0.422 loading class java/net/InetAddress$2 done
Event: 0.422 loading class java/net/InetAddress$InetAddressHolder
Event: 0.422 loading class java/net/InetAddress$InetAddressHolder done
Event: 0.422 loading class java/util/concurrent/ConcurrentSkipListSet
Event: 0.422 loading class java/util/NavigableSet
Event: 0.422 loading class java/util/SortedSet
Event: 0.422 loading class java/util/SortedSet done
Event: 0.422 loading class java/util/NavigableSet done
Event: 0.422 loading class java/util/concurrent/ConcurrentSkipListSet done
Event: 0.423 loading class java/util/concurrent/ConcurrentSkipListMap
Event: 0.423 loading class java/util/concurrent/ConcurrentNavigableMap
Event: 0.423 loading class java/util/concurrent/ConcurrentNavigableMap done
Event: 0.423 loading class java/util/concurrent/ConcurrentSkipListMap done
Event: 0.424 loading class java/util/concurrent/ConcurrentSkipListMap$Index
Event: 0.424 loading class java/util/concurrent/ConcurrentSkipListMap$Index done
Event: 0.424 loading class java/lang/invoke/VarHandleObjects$FieldInstanceReadWrite
Event: 0.424 Executing VM operation: CollectForMetadataAllocation


Dynamic libraries:
0x00007ff7eb6a0000 - 0x00007ff7eb6aa000 	E:\Intellji\IntelliJ IDEA 2021.1\jbr\bin\java.exe
0x00007ffe72630000 - 0x00007ffe72828000 	C:\Windows\SYSTEM32\ntdll.dll
0x00007ffe34430000 - 0x00007ffe34447000 	C:\Program Files\AVG\Antivirus\aswhook.dll
0x00007ffe72350000 - 0x00007ffe7240d000 	C:\Windows\System32\KERNEL32.DLL
0x00007ffe70030000 - 0x00007ffe702fe000 	C:\Windows\System32\KERNELBASE.dll
0x00007ffe70590000 - 0x00007ffe70690000 	C:\Windows\System32\ucrtbase.dll
0x00007ffe5b630000 - 0x00007ffe5b649000 	E:\Intellji\IntelliJ IDEA 2021.1\jbr\bin\jli.dll
0x00007ffe59710000 - 0x00007ffe59727000 	E:\Intellji\IntelliJ IDEA 2021.1\jbr\bin\VCRUNTIME140.dll
0x00007ffe70fd0000 - 0x00007ffe71170000 	C:\Windows\System32\USER32.dll
0x00007ffe58350000 - 0x00007ffe585ea000 	C:\Windows\WinSxS\amd64_microsoft.windows.common-controls_6595b64144ccf1df_6.0.19041.1110_none_60b5254171f9507e\COMCTL32.dll
0x00007ffe6fdc0000 - 0x00007ffe6fde2000 	C:\Windows\System32\win32u.dll
0x00007ffe70770000 - 0x00007ffe7080e000 	C:\Windows\System32\msvcrt.dll
0x00007ffe72590000 - 0x00007ffe725ba000 	C:\Windows\System32\GDI32.dll
0x00007ffe70300000 - 0x00007ffe7040b000 	C:\Windows\System32\gdi32full.dll
0x00007ffe704c0000 - 0x00007ffe7055d000 	C:\Windows\System32\msvcp_win.dll
0x00007ffe725c0000 - 0x00007ffe725f0000 	C:\Windows\System32\IMM32.DLL
0x00007ffe056e0000 - 0x00007ffe0577d000 	E:\Intellji\IntelliJ IDEA 2021.1\jbr\bin\msvcp140.dll
0x00007ffdec0f0000 - 0x00007ffdecc3f000 	E:\Intellji\IntelliJ IDEA 2021.1\jbr\bin\server\jvm.dll
0x00007ffe713d0000 - 0x00007ffe7147e000 	C:\Windows\System32\ADVAPI32.dll
0x00007ffe70e60000 - 0x00007ffe70efc000 	C:\Windows\System32\sechost.dll
0x00007ffe71f40000 - 0x00007ffe72065000 	C:\Windows\System32\RPCRT4.dll
0x00007ffe71170000 - 0x00007ffe71178000 	C:\Windows\System32\PSAPI.DLL
0x00007ffe56ed0000 - 0x00007ffe56ed9000 	C:\Windows\SYSTEM32\WSOCK32.dll
0x00007ffe68e40000 - 0x00007ffe68e4a000 	C:\Windows\SYSTEM32\VERSION.dll
0x00007ffe5a7a0000 - 0x00007ffe5a7c7000 	C:\Windows\SYSTEM32\WINMM.dll
0x00007ffe72410000 - 0x00007ffe7247b000 	C:\Windows\System32\WS2_32.dll
0x00007ffe6dc40000 - 0x00007ffe6dc52000 	C:\Windows\SYSTEM32\kernel.appcore.dll
0x00007ffe684c0000 - 0x00007ffe684d1000 	E:\Intellji\IntelliJ IDEA 2021.1\jbr\bin\verify.dll
0x00007ffe5e990000 - 0x00007ffe5eb74000 	C:\Windows\SYSTEM32\DBGHELP.DLL
0x00007ffe5e790000 - 0x00007ffe5e7bc000 	C:\Windows\SYSTEM32\dbgcore.DLL
0x00007ffe6fdf0000 - 0x00007ffe6fe72000 	C:\Windows\System32\bcryptPrimitives.dll
0x00007ffe5d0d0000 - 0x00007ffe5d0f9000 	E:\Intellji\IntelliJ IDEA 2021.1\jbr\bin\java.dll
0x00007ffe6bba0000 - 0x00007ffe6bbab000 	E:\Intellji\IntelliJ IDEA 2021.1\jbr\bin\jimage.dll
0x00007ffe5ef60000 - 0x00007ffe5ef78000 	E:\Intellji\IntelliJ IDEA 2021.1\jbr\bin\zip.dll
0x00007ffe71480000 - 0x00007ffe71bc3000 	C:\Windows\System32\SHELL32.dll
0x00007ffe6de40000 - 0x00007ffe6e5d5000 	C:\Windows\SYSTEM32\windows.storage.dll
0x00007ffe71be0000 - 0x00007ffe71f34000 	C:\Windows\System32\combase.dll
0x00007ffe6f7b0000 - 0x00007ffe6f7e0000 	C:\Windows\SYSTEM32\Wldp.dll
0x00007ffe71260000 - 0x00007ffe7130d000 	C:\Windows\System32\SHCORE.dll
0x00007ffe70810000 - 0x00007ffe70865000 	C:\Windows\System32\shlwapi.dll
0x00007ffe6fc90000 - 0x00007ffe6fcaf000 	C:\Windows\SYSTEM32\profapi.dll
0x00007ffe5cfa0000 - 0x00007ffe5cfba000 	E:\Intellji\IntelliJ IDEA 2021.1\jbr\bin\net.dll
0x00007ffe5e090000 - 0x00007ffe5e19a000 	C:\Windows\SYSTEM32\WINHTTP.dll
0x00007ffe6f510000 - 0x00007ffe6f57a000 	C:\Windows\system32\mswsock.dll
0x00007ffe5c590000 - 0x00007ffe5c5a4000 	E:\Intellji\IntelliJ IDEA 2021.1\jbr\bin\nio.dll

dbghelp: loaded successfully - version: 4.0.5 - missing functions: none
symbol engine: initialized successfully - sym options: 0x614 - pdb path: .;E:\Intellji\IntelliJ IDEA 2021.1\jbr\bin;C:\Windows\SYSTEM32;C:\Program Files\AVG\Antivirus;C:\Windows\WinSxS\amd64_microsoft.windows.common-controls_6595b64144ccf1df_6.0.19041.1110_none_60b5254171f9507e;E:\Intellji\IntelliJ IDEA 2021.1\jbr\bin\server

VM Arguments:
java_command: org.jetbrains.git4idea.http.GitAskPassApp Username for 'https://github.com': 
java_class_path (initial): E:/Intellji/IntelliJ IDEA 2021.1/plugins/git4idea/lib/git4idea-rt.jar;E:/Intellji/IntelliJ IDEA 2021.1/lib/xmlrpc-2.0.1.jar;E:/Intellji/IntelliJ IDEA 2021.1/lib/commons-codec-1.15.jar
Launcher Type: SUN_STANDARD

[Global flags]
     intx CICompilerCount                          = 4                                         {product} {ergonomic}
     uint ConcGCThreads                            = 2                                         {product} {ergonomic}
     uint G1ConcRefinementThreads                  = 8                                         {product} {ergonomic}
   size_t G1HeapRegionSize                         = 1048576                                   {product} {ergonomic}
    uintx GCDrainStackTargetSize                   = 64                                        {product} {ergonomic}
   size_t InitialHeapSize                          = 201326592                                 {product} {ergonomic}
   size_t MarkStackSize                            = 4194304                                   {product} {ergonomic}
   size_t MaxHeapSize                              = 3191865344                                {product} {ergonomic}
   size_t MaxNewSize                               = 1914699776                                {product} {ergonomic}
   size_t MinHeapDeltaBytes                        = 1048576                                   {product} {ergonomic}
    uintx NonNMethodCodeHeapSize                   = 5836300                                {pd product} {ergonomic}
    uintx NonProfiledCodeHeapSize                  = 122910970                              {pd product} {ergonomic}
    uintx ProfiledCodeHeapSize                     = 122910970                              {pd product} {ergonomic}
    uintx ReservedCodeCacheSize                    = 251658240                              {pd product} {ergonomic}
     bool SegmentedCodeCache                       = true                                      {product} {ergonomic}
     bool UseCompressedClassPointers               = true                                 {lp64_product} {ergonomic}
     bool UseCompressedOops                        = true                                 {lp64_product} {ergonomic}
     bool UseG1GC                                  = true                                      {product} {ergonomic}
     bool UseLargePagesIndividualAllocation        = false                                  {pd product} {ergonomic}

Logging:
Log output configuration:
 #0: stdout all=warning uptime,level,tags
 #1: stderr all=off uptime,level,tags

Environment Variables:
JAVA_HOME=E:\Java - First Step\JAVADK
PATH=C:\Program Files\Git\mingw64\libexec\git-core;C:\Program Files\Git\mingw64\libexec\git-core;C:\Program Files\Git\mingw64\bin;C:\Program Files\Git\usr\bin;C:\Users\Admin\bin;C:\Program Files\Common Files\Oracle\Java\javapath;C:\Windows\system32;C:\Windows;C:\Windows\System32\Wbem;C:\Windows\System32\WindowsPowerShell\v1.0;C:\Windows\System32\OpenSSH;C:\Users\Admin\Desktop\mingw64\bin;C:\Users\Admin\Desktop\mingw64\bin\g++.exe;C:\Users\Admin\Desktop\mingw64\bin;E:\runtime\win64;E:\bin;E:\polyspace\bin;E:\newpoly\runtime\win64;E:\newpoly\bin;E:\newpoly\polyspace\bin;C:\Program Files\dotnet;C:\Program Files\mingw-w64\x86_64-8.1.0-posix-seh-rt_v6-rev0\mingw64\bin;C:\Program Files\Java\jdk-17.0.1\bin;C:\Program Files (x86)\VietPN;E:\MATLAB WORK\runtime\win64;E:\MATLAB WORK\bin;E:\MATLAB WORK\polyspace\bin;C:\Program Files (x86)\Calibre2;.;E:\Lap Trinh Android\Android Developer\platform-tools;E:\Lap Trinh Android\Android Developer\tools;E:\Lap Trinh Android\Android Developer\tools\bin";E:\KotLin\kotlin\kotlinc\bin;C:\Program Files\Git\cmd;E:\Learn Front-End\NodeJs;C:\Program Files\Cloudflare\Cloudflare WARP;C:\Program Files\Microsoft SQL Server\Client SDK\ODBC\170\Tools\Binn;C:\Program Files (x86)\Microsoft SQL Server\150\Tools\Binn;C:\Program Files\Microsoft SQL Server\150\Tools\Binn;C:\Program Files\Microsoft SQL Server\150\DTS\Binn;C:\Program Files (x86)\Microsoft SQL Server\150\DTS\Binn;C:\Program Files\Azure Data Studio\bin;E:\Lap Trinh Android\Android Tools\cmdline-tools\bin;E:\Lap Trinh Android\Android Tools\cmdline-tools\bin\sdkmanager.bat;E:\Final Project\Lora Gatewat\Bitvise;E:\Java Wen\Intellji Java\IntelliJ IDE 2021.1.3\plugins\maven\lib\maven3\bin;C:\Users\Admin\AppData\Local\Microsoft\WindowsApps;C:\Users\Admin\AppData\Local\GitHubDesktop\bin;C:\Users\Admin\AppData\Local\atom\bin;C:\Users\Admin\AppData\Roaming\npm;C:\Users\Admin\Desktop\Java - First Step\IntelliJ IDEA Community Edition 2022.1\bin;C:\Program Files\Azure Data Studio\bin;E:\Intellji\IntelliJ I
USERNAME=Admin
DISPLAY=:0.0
LC_ALL=en_US.UTF-8
OS=Windows_NT
PROCESSOR_IDENTIFIER=Intel64 Family 6 Model 142 Stepping 10, GenuineIntel



---------------  S Y S T E M  ---------------

OS: Windows 10 , 64 bit Build 19041 (10.0.19041.1889)
OS uptime: 5 days 9:44 hours

CPU:total 8 (initial active 8) (4 cores per cpu, 2 threads per core) family 6 model 142 stepping 10 microcode 0xb4, cmov, cx8, fxsr, mmx, sse, sse2, sse3, ssse3, sse4.1, sse4.2, popcnt, avx, avx2, aes, clmul, erms, 3dnowpref, lzcnt, ht, tsc, tscinvbit, bmi1, bmi2, adx, fma

Memory: 4k page, system-wide physical 12170M (1419M free)
TotalPageFile size 18382M (AvailPageFile size 278M)
current process WorkingSet (physical memory assigned to process): 51M, peak: 51M
current process commit charge ("private bytes"): 276M, peak: 277M

vm_info: Dynamic Code Evolution 64-Bit Server VM (11.0.10+9-b1341.35) for windows-amd64 JRE (11.0.10+9-b1341.35), built on Mar 31 2021 02:11:12 by "" with MS VC++ 14.0 (VS2015)

END.
